{"D:\\Workspace\\mark_down\\mark-down\\src\\App.tsx": {"path":"D:\\Workspace\\mark_down\\mark-down\\src\\App.tsx","statementMap":{"0":{"start":{"line":16,"column":19},"end":{"line":28,"column":null}},"1":{"start":{"line":17,"column":49},"end":{"line":17,"column":null}},"2":{"start":{"line":18,"column":18},"end":{"line":18,"column":null}},"3":{"start":{"line":20,"column":2},"end":{"line":24,"column":null}},"4":{"start":{"line":30,"column":16},"end":{"line":50,"column":null}},"5":{"start":{"line":31,"column":29},"end":{"line":31,"column":null}},"6":{"start":{"line":32,"column":8},"end":{"line":36,"column":null}},"7":{"start":{"line":33,"column":10},"end":{"line":33,"column":null}},"8":{"start":{"line":34,"column":20},"end":{"line":34,"column":62}},"9":{"start":{"line":35,"column":4},"end":{"line":35,"column":null}},"10":{"start":{"line":38,"column":2},"end":{"line":44,"column":null}},"11":{"start":{"line":53,"column":2},"end":{"line":55,"column":null}}},"fnMap":{"0":{"name":"(anonymous_0)","decl":{"start":{"line":16,"column":19},"end":{"line":16,"column":null}},"loc":{"start":{"line":16,"column":19},"end":{"line":28,"column":null}},"line":16},"1":{"name":"(anonymous_1)","decl":{"start":{"line":30,"column":16},"end":{"line":30,"column":null}},"loc":{"start":{"line":30,"column":16},"end":{"line":50,"column":null}},"line":30},"2":{"name":"(anonymous_2)","decl":{"start":{"line":32,"column":24},"end":{"line":32,"column":null}},"loc":{"start":{"line":32,"column":24},"end":{"line":36,"column":5}},"line":32},"3":{"name":"App","decl":{"start":{"line":52,"column":9},"end":{"line":52,"column":null}},"loc":{"start":{"line":52,"column":9},"end":{"line":58,"column":null}},"line":52}},"branchMap":{"0":{"loc":{"start":{"line":18,"column":18},"end":{"line":18,"column":null}},"type":"cond-expr","locations":[{"start":{"line":18,"column":32},"end":{"line":18,"column":51}},{"start":{"line":18,"column":54},"end":{"line":18,"column":null}}],"line":18},"1":{"loc":{"start":{"line":34,"column":20},"end":{"line":34,"column":62}},"type":"cond-expr","locations":[{"start":{"line":34,"column":38},"end":{"line":34,"column":48}},{"start":{"line":34,"column":51},"end":{"line":34,"column":62}}],"line":34}},"s":{"0":0,"1":0,"2":0,"3":0,"4":0,"5":0,"6":0,"7":0,"8":0,"9":0,"10":0,"11":0},"f":{"0":0,"1":0,"2":0,"3":0},"b":{"0":[0,0],"1":[0,0]},"meta":{"lastBranch":2,"lastFunction":4,"lastStatement":12,"seen":{"s:16:19:28:Infinity":0,"f:16:19:16:Infinity":0,"s:17:49:17:Infinity":1,"s:18:18:18:Infinity":2,"b:18:32:18:51:18:54:18:Infinity":0,"s:20:2:24:Infinity":3,"s:30:16:50:Infinity":4,"f:30:16:30:Infinity":1,"s:31:29:31:Infinity":5,"s:32:8:36:Infinity":6,"f:32:24:32:Infinity":2,"s:33:10:33:Infinity":7,"s:34:20:34:62":8,"b:34:38:34:48:34:51:34:62":1,"s:35:4:35:Infinity":9,"s:38:2:44:Infinity":10,"f:52:9:52:Infinity":3,"s:53:2:55:Infinity":11}}}
,"D:\\Workspace\\mark_down\\mark-down\\src\\sampleMarkdown.ts": {"path":"D:\\Workspace\\mark_down\\mark-down\\src\\sampleMarkdown.ts","statementMap":{"0":{"start":{"line":1,"column":30},"end":{"line":114,"column":1}}},"fnMap":{},"branchMap":{},"s":{"0":0},"f":{},"b":{},"meta":{"lastBranch":0,"lastFunction":0,"lastStatement":1,"seen":{"s:1:30:114:1":0}}}
,"D:\\Workspace\\mark_down\\mark-down\\src\\components\\Layout.tsx": {"path":"D:\\Workspace\\mark_down\\mark-down\\src\\components\\Layout.tsx","statementMap":{"0":{"start":{"line":44,"column":20},"end":{"line":44,"column":null}},"1":{"start":{"line":46,"column":38},"end":{"line":299,"column":null}},"2":{"start":{"line":47,"column":8},"end":{"line":47,"column":null}},"3":{"start":{"line":48,"column":32},"end":{"line":48,"column":null}},"4":{"start":{"line":49,"column":29},"end":{"line":49,"column":null}},"5":{"start":{"line":57,"column":3},"end":{"line":57,"column":null}},"6":{"start":{"line":58,"column":60},"end":{"line":58,"column":null}},"7":{"start":{"line":59,"column":35},"end":{"line":59,"column":null}},"8":{"start":{"line":60,"column":35},"end":{"line":60,"column":null}},"9":{"start":{"line":61,"column":39},"end":{"line":61,"column":null}},"10":{"start":{"line":62,"column":43},"end":{"line":62,"column":null}},"11":{"start":{"line":63,"column":39},"end":{"line":63,"column":null}},"12":{"start":{"line":64,"column":45},"end":{"line":64,"column":null}},"13":{"start":{"line":66,"column":2},"end":{"line":74,"column":null}},"14":{"start":{"line":67,"column":35},"end":{"line":69,"column":null}},"15":{"start":{"line":68,"column":6},"end":{"line":68,"column":null}},"16":{"start":{"line":70,"column":4},"end":{"line":70,"column":null}},"17":{"start":{"line":71,"column":4},"end":{"line":73,"column":null}},"18":{"start":{"line":72,"column":6},"end":{"line":72,"column":null}},"19":{"start":{"line":76,"column":2},"end":{"line":87,"column":null}},"20":{"start":{"line":77,"column":26},"end":{"line":84,"column":null}},"21":{"start":{"line":78,"column":6},"end":{"line":83,"column":null}},"22":{"start":{"line":79,"column":8},"end":{"line":79,"column":null}},"23":{"start":{"line":80,"column":8},"end":{"line":82,"column":null}},"24":{"start":{"line":81,"column":10},"end":{"line":81,"column":null}},"25":{"start":{"line":85,"column":4},"end":{"line":85,"column":null}},"26":{"start":{"line":86,"column":4},"end":{"line":86,"column":null}},"27":{"start":{"line":86,"column":17},"end":{"line":86,"column":null}},"28":{"start":{"line":89,"column":29},"end":{"line":91,"column":null}},"29":{"start":{"line":90,"column":4},"end":{"line":90,"column":null}},"30":{"start":{"line":93,"column":29},"end":{"line":98,"column":null}},"31":{"start":{"line":94,"column":4},"end":{"line":96,"column":null}},"32":{"start":{"line":95,"column":6},"end":{"line":95,"column":25}},"33":{"start":{"line":97,"column":4},"end":{"line":97,"column":null}},"34":{"start":{"line":100,"column":27},"end":{"line":109,"column":null}},"35":{"start":{"line":108,"column":55},"end":{"line":108,"column":79}},"36":{"start":{"line":111,"column":2},"end":{"line":294,"column":null}},"37":{"start":{"line":152,"column":35},"end":{"line":152,"column":null}},"38":{"start":{"line":179,"column":31},"end":{"line":179,"column":null}},"39":{"start":{"line":187,"column":33},"end":{"line":187,"column":null}},"40":{"start":{"line":268,"column":33},"end":{"line":270,"column":null}},"41":{"start":{"line":281,"column":23},"end":{"line":281,"column":null}},"42":{"start":{"line":283,"column":10},"end":{"line":283,"column":null}},"43":{"start":{"line":284,"column":10},"end":{"line":284,"column":null}},"44":{"start":{"line":290,"column":23},"end":{"line":290,"column":null}},"45":{"start":{"line":293,"column":30},"end":{"line":293,"column":54}}},"fnMap":{"0":{"name":"(anonymous_0)","decl":{"start":{"line":46,"column":38},"end":{"line":46,"column":39}},"loc":{"start":{"line":46,"column":51},"end":{"line":299,"column":null}},"line":46},"1":{"name":"(anonymous_1)","decl":{"start":{"line":66,"column":12},"end":{"line":66,"column":null}},"loc":{"start":{"line":66,"column":12},"end":{"line":74,"column":5}},"line":66},"2":{"name":"(anonymous_2)","decl":{"start":{"line":67,"column":35},"end":{"line":67,"column":null}},"loc":{"start":{"line":67,"column":35},"end":{"line":69,"column":null}},"line":67},"3":{"name":"(anonymous_3)","decl":{"start":{"line":71,"column":11},"end":{"line":71,"column":null}},"loc":{"start":{"line":71,"column":11},"end":{"line":73,"column":null}},"line":71},"4":{"name":"(anonymous_4)","decl":{"start":{"line":76,"column":12},"end":{"line":76,"column":null}},"loc":{"start":{"line":76,"column":12},"end":{"line":87,"column":5}},"line":76},"5":{"name":"(anonymous_5)","decl":{"start":{"line":77,"column":26},"end":{"line":77,"column":27}},"loc":{"start":{"line":77,"column":27},"end":{"line":84,"column":null}},"line":77},"6":{"name":"(anonymous_6)","decl":{"start":{"line":86,"column":11},"end":{"line":86,"column":17}},"loc":{"start":{"line":86,"column":17},"end":{"line":86,"column":null}},"line":86},"7":{"name":"(anonymous_7)","decl":{"start":{"line":89,"column":29},"end":{"line":89,"column":null}},"loc":{"start":{"line":89,"column":29},"end":{"line":91,"column":null}},"line":89},"8":{"name":"(anonymous_8)","decl":{"start":{"line":93,"column":29},"end":{"line":93,"column":null}},"loc":{"start":{"line":93,"column":29},"end":{"line":98,"column":null}},"line":93},"9":{"name":"(anonymous_9)","decl":{"start":{"line":108,"column":49},"end":{"line":108,"column":55}},"loc":{"start":{"line":108,"column":55},"end":{"line":108,"column":79}},"line":108},"10":{"name":"(anonymous_10)","decl":{"start":{"line":152,"column":29},"end":{"line":152,"column":35}},"loc":{"start":{"line":152,"column":35},"end":{"line":152,"column":null}},"line":152},"11":{"name":"(anonymous_11)","decl":{"start":{"line":179,"column":24},"end":{"line":179,"column":25}},"loc":{"start":{"line":179,"column":31},"end":{"line":179,"column":null}},"line":179},"12":{"name":"(anonymous_12)","decl":{"start":{"line":187,"column":26},"end":{"line":187,"column":27}},"loc":{"start":{"line":187,"column":33},"end":{"line":187,"column":null}},"line":187},"13":{"name":"(anonymous_13)","decl":{"start":{"line":268,"column":32},"end":{"line":268,"column":33}},"loc":{"start":{"line":268,"column":33},"end":{"line":270,"column":null}},"line":268},"14":{"name":"(anonymous_14)","decl":{"start":{"line":281,"column":17},"end":{"line":281,"column":23}},"loc":{"start":{"line":281,"column":23},"end":{"line":281,"column":null}},"line":281},"15":{"name":"(anonymous_15)","decl":{"start":{"line":282,"column":19},"end":{"line":282,"column":20}},"loc":{"start":{"line":282,"column":20},"end":{"line":285,"column":null}},"line":282},"16":{"name":"(anonymous_16)","decl":{"start":{"line":290,"column":17},"end":{"line":290,"column":23}},"loc":{"start":{"line":290,"column":23},"end":{"line":290,"column":null}},"line":290},"17":{"name":"(anonymous_17)","decl":{"start":{"line":293,"column":24},"end":{"line":293,"column":30}},"loc":{"start":{"line":293,"column":30},"end":{"line":293,"column":54}},"line":293}},"branchMap":{"0":{"loc":{"start":{"line":78,"column":6},"end":{"line":83,"column":null}},"type":"if","locations":[{"start":{"line":78,"column":6},"end":{"line":83,"column":null}},{"start":{},"end":{}}],"line":78},"1":{"loc":{"start":{"line":78,"column":10},"end":{"line":78,"column":53}},"type":"binary-expr","locations":[{"start":{"line":78,"column":11},"end":{"line":78,"column":20}},{"start":{"line":78,"column":24},"end":{"line":78,"column":32}},{"start":{"line":78,"column":38},"end":{"line":78,"column":53}}],"line":78},"2":{"loc":{"start":{"line":80,"column":8},"end":{"line":82,"column":null}},"type":"if","locations":[{"start":{"line":80,"column":8},"end":{"line":82,"column":null}},{"start":{},"end":{}}],"line":80},"3":{"loc":{"start":{"line":94,"column":4},"end":{"line":96,"column":null}},"type":"if","locations":[{"start":{"line":94,"column":4},"end":{"line":96,"column":null}},{"start":{},"end":{}}],"line":94},"4":{"loc":{"start":{"line":136,"column":11},"end":{"line":220,"column":null}},"type":"cond-expr","locations":[{"start":{"line":136,"column":12},"end":{"line":167,"column":13}},{"start":{"line":167,"column":12},"end":{"line":220,"column":null}}],"line":136},"5":{"loc":{"start":{"line":144,"column":17},"end":{"line":144,"column":null}},"type":"cond-expr","locations":[{"start":{"line":144,"column":31},"end":{"line":144,"column":47}},{"start":{"line":144,"column":50},"end":{"line":144,"column":null}}],"line":144},"6":{"loc":{"start":{"line":145,"column":17},"end":{"line":146,"column":null}},"type":"binary-expr","locations":[{"start":{"line":145,"column":17},"end":{"line":145,"column":null}},{"start":{"line":145,"column":17},"end":{"line":146,"column":null}}],"line":145},"7":{"loc":{"start":{"line":193,"column":17},"end":{"line":195,"column":null}},"type":"cond-expr","locations":[{"start":{"line":194,"column":20},"end":{"line":194,"column":62}},{"start":{"line":195,"column":20},"end":{"line":195,"column":null}}],"line":193},"8":{"loc":{"start":{"line":225,"column":31},"end":{"line":225,"column":50}},"type":"cond-expr","locations":[{"start":{"line":225,"column":44},"end":{"line":225,"column":48}},{"start":{"line":225,"column":48},"end":{"line":225,"column":50}}],"line":225},"9":{"loc":{"start":{"line":230,"column":17},"end":{"line":230,"column":null}},"type":"cond-expr","locations":[{"start":{"line":230,"column":26},"end":{"line":230,"column":56}},{"start":{"line":230,"column":55},"end":{"line":230,"column":null}}],"line":230},"10":{"loc":{"start":{"line":262,"column":7},"end":{"line":270,"column":null}},"type":"binary-expr","locations":[{"start":{"line":262,"column":7},"end":{"line":262,"column":null}},{"start":{"line":262,"column":8},"end":{"line":270,"column":null}}],"line":262}},"s":{"0":0,"1":0,"2":0,"3":0,"4":0,"5":0,"6":0,"7":0,"8":0,"9":0,"10":0,"11":0,"12":0,"13":0,"14":0,"15":0,"16":0,"17":0,"18":0,"19":0,"20":0,"21":0,"22":0,"23":0,"24":0,"25":0,"26":0,"27":0,"28":0,"29":0,"30":0,"31":0,"32":0,"33":0,"34":0,"35":0,"36":0,"37":0,"38":0,"39":0,"40":0,"41":0,"42":0,"43":0,"44":0,"45":0},"f":{"0":0,"1":0,"2":0,"3":0,"4":0,"5":0,"6":0,"7":0,"8":0,"9":0,"10":0,"11":0,"12":0,"13":0,"14":0,"15":0,"16":0,"17":0},"b":{"0":[0,0],"1":[0,0,0],"2":[0,0],"3":[0,0],"4":[0,0],"5":[0,0],"6":[0,0],"7":[0,0],"8":[0,0],"9":[0,0],"10":[0,0]},"meta":{"lastBranch":11,"lastFunction":18,"lastStatement":46,"seen":{"s:44:20:44:Infinity":0,"s:46:38:299:Infinity":1,"f:46:38:46:39":0,"s:47:8:47:Infinity":2,"s:48:32:48:Infinity":3,"s:49:29:49:Infinity":4,"s:57:3:57:Infinity":5,"s:58:60:58:Infinity":6,"s:59:35:59:Infinity":7,"s:60:35:60:Infinity":8,"s:61:39:61:Infinity":9,"s:62:43:62:Infinity":10,"s:63:39:63:Infinity":11,"s:64:45:64:Infinity":12,"s:66:2:74:Infinity":13,"f:66:12:66:Infinity":1,"s:67:35:69:Infinity":14,"f:67:35:67:Infinity":2,"s:68:6:68:Infinity":15,"s:70:4:70:Infinity":16,"s:71:4:73:Infinity":17,"f:71:11:71:Infinity":3,"s:72:6:72:Infinity":18,"s:76:2:87:Infinity":19,"f:76:12:76:Infinity":4,"s:77:26:84:Infinity":20,"f:77:26:77:27":5,"b:78:6:83:Infinity:undefined:undefined:undefined:undefined":0,"s:78:6:83:Infinity":21,"b:78:11:78:20:78:24:78:32:78:38:78:53":1,"s:79:8:79:Infinity":22,"b:80:8:82:Infinity:undefined:undefined:undefined:undefined":2,"s:80:8:82:Infinity":23,"s:81:10:81:Infinity":24,"s:85:4:85:Infinity":25,"s:86:4:86:Infinity":26,"f:86:11:86:17":6,"s:86:17:86:Infinity":27,"s:89:29:91:Infinity":28,"f:89:29:89:Infinity":7,"s:90:4:90:Infinity":29,"s:93:29:98:Infinity":30,"f:93:29:93:Infinity":8,"b:94:4:96:Infinity:undefined:undefined:undefined:undefined":3,"s:94:4:96:Infinity":31,"s:95:6:95:25":32,"s:97:4:97:Infinity":33,"s:100:27:109:Infinity":34,"f:108:49:108:55":9,"s:108:55:108:79":35,"s:111:2:294:Infinity":36,"b:136:12:167:13:167:12:220:Infinity":4,"b:144:31:144:47:144:50:144:Infinity":5,"b:145:17:145:Infinity:145:17:146:Infinity":6,"f:152:29:152:35":10,"s:152:35:152:Infinity":37,"f:179:24:179:25":11,"s:179:31:179:Infinity":38,"f:187:26:187:27":12,"s:187:33:187:Infinity":39,"b:194:20:194:62:195:20:195:Infinity":7,"b:225:44:225:48:225:48:225:50":8,"b:230:26:230:56:230:55:230:Infinity":9,"b:262:7:262:Infinity:262:8:270:Infinity":10,"f:268:32:268:33":13,"s:268:33:270:Infinity":40,"f:281:17:281:23":14,"s:281:23:281:Infinity":41,"f:282:19:282:20":15,"s:283:10:283:Infinity":42,"s:284:10:284:Infinity":43,"f:290:17:290:23":16,"s:290:23:290:Infinity":44,"f:293:24:293:30":17,"s:293:30:293:54":45}}}
,"D:\\Workspace\\mark_down\\mark-down\\src\\components\\PWAInstallPrompt.tsx": {"path":"D:\\Workspace\\mark_down\\mark-down\\src\\components\\PWAInstallPrompt.tsx","statementMap":{"0":{"start":{"line":6,"column":42},"end":{"line":64,"column":null}},"1":{"start":{"line":7,"column":39},"end":{"line":7,"column":null}},"2":{"start":{"line":8,"column":10},"end":{"line":8,"column":null}},"3":{"start":{"line":9,"column":35},"end":{"line":9,"column":null}},"4":{"start":{"line":11,"column":4},"end":{"line":15,"column":null}},"5":{"start":{"line":12,"column":8},"end":{"line":14,"column":null}},"6":{"start":{"line":13,"column":12},"end":{"line":13,"column":null}},"7":{"start":{"line":13,"column":29},"end":{"line":13,"column":49}},"8":{"start":{"line":17,"column":24},"end":{"line":22,"column":null}},"9":{"start":{"line":18,"column":8},"end":{"line":20,"column":null}},"10":{"start":{"line":19,"column":12},"end":{"line":19,"column":null}},"11":{"start":{"line":21,"column":8},"end":{"line":21,"column":null}},"12":{"start":{"line":24,"column":4},"end":{"line":24,"column":null}},"13":{"start":{"line":24,"column":24},"end":{"line":24,"column":null}},"14":{"start":{"line":26,"column":4},"end":{"line":59,"column":null}}},"fnMap":{"0":{"name":"(anonymous_0)","decl":{"start":{"line":6,"column":42},"end":{"line":6,"column":null}},"loc":{"start":{"line":6,"column":42},"end":{"line":64,"column":null}},"line":6},"1":{"name":"(anonymous_1)","decl":{"start":{"line":11,"column":14},"end":{"line":11,"column":null}},"loc":{"start":{"line":11,"column":14},"end":{"line":15,"column":7}},"line":11},"2":{"name":"(anonymous_2)","decl":{"start":{"line":13,"column":23},"end":{"line":13,"column":29}},"loc":{"start":{"line":13,"column":29},"end":{"line":13,"column":49}},"line":13},"3":{"name":"(anonymous_3)","decl":{"start":{"line":17,"column":24},"end":{"line":17,"column":25}},"loc":{"start":{"line":17,"column":64},"end":{"line":22,"column":null}},"line":17}},"branchMap":{"0":{"loc":{"start":{"line":12,"column":8},"end":{"line":14,"column":null}},"type":"if","locations":[{"start":{"line":12,"column":8},"end":{"line":14,"column":null}},{"start":{},"end":{}}],"line":12},"1":{"loc":{"start":{"line":18,"column":8},"end":{"line":20,"column":null}},"type":"if","locations":[{"start":{"line":18,"column":8},"end":{"line":20,"column":null}},{"start":{},"end":{}}],"line":18},"2":{"loc":{"start":{"line":24,"column":4},"end":{"line":24,"column":null}},"type":"if","locations":[{"start":{"line":24,"column":4},"end":{"line":24,"column":null}},{"start":{},"end":{}}],"line":24}},"s":{"0":1,"1":3,"2":3,"3":3,"4":3,"5":2,"6":1,"7":1,"8":3,"9":0,"10":0,"11":0,"12":3,"13":1,"14":2},"f":{"0":3,"1":2,"2":1,"3":0},"b":{"0":[1,1],"1":[0,0],"2":[1,2]},"meta":{"lastBranch":3,"lastFunction":4,"lastStatement":15,"seen":{"s:6:42:64:Infinity":0,"f:6:42:6:Infinity":0,"s:7:39:7:Infinity":1,"s:8:10:8:Infinity":2,"s:9:35:9:Infinity":3,"s:11:4:15:Infinity":4,"f:11:14:11:Infinity":1,"b:12:8:14:Infinity:undefined:undefined:undefined:undefined":0,"s:12:8:14:Infinity":5,"s:13:12:13:Infinity":6,"f:13:23:13:29":2,"s:13:29:13:49":7,"s:17:24:22:Infinity":8,"f:17:24:17:25":3,"b:18:8:20:Infinity:undefined:undefined:undefined:undefined":1,"s:18:8:20:Infinity":9,"s:19:12:19:Infinity":10,"s:21:8:21:Infinity":11,"b:24:4:24:Infinity:undefined:undefined:undefined:undefined":2,"s:24:4:24:Infinity":12,"s:24:24:24:Infinity":13,"s:26:4:59:Infinity":14}}}
,"D:\\Workspace\\mark_down\\mark-down\\src\\components\\SaveDialog.tsx": {"path":"D:\\Workspace\\mark_down\\mark-down\\src\\components\\SaveDialog.tsx","statementMap":{"0":{"start":{"line":31,"column":46},"end":{"line":165,"column":null}},"1":{"start":{"line":32,"column":8},"end":{"line":32,"column":null}},"2":{"start":{"line":33,"column":66},"end":{"line":33,"column":null}},"3":{"start":{"line":35,"column":29},"end":{"line":41,"column":null}},"4":{"start":{"line":36,"column":20},"end":{"line":36,"column":null}},"5":{"start":{"line":37,"column":4},"end":{"line":40,"column":null}},"6":{"start":{"line":38,"column":6},"end":{"line":38,"column":null}},"7":{"start":{"line":39,"column":6},"end":{"line":39,"column":null}},"8":{"start":{"line":43,"column":26},"end":{"line":49,"column":null}},"9":{"start":{"line":44,"column":20},"end":{"line":44,"column":null}},"10":{"start":{"line":45,"column":4},"end":{"line":48,"column":null}},"11":{"start":{"line":46,"column":6},"end":{"line":46,"column":null}},"12":{"start":{"line":47,"column":6},"end":{"line":47,"column":null}},"13":{"start":{"line":51,"column":25},"end":{"line":55,"column":null}},"14":{"start":{"line":52,"column":4},"end":{"line":52,"column":null}},"15":{"start":{"line":53,"column":4},"end":{"line":53,"column":null}},"16":{"start":{"line":54,"column":4},"end":{"line":54,"column":null}},"17":{"start":{"line":57,"column":20},"end":{"line":57,"column":null}},"18":{"start":{"line":59,"column":19},"end":{"line":59,"column":null}},"19":{"start":{"line":61,"column":2},"end":{"line":61,"column":null}},"20":{"start":{"line":61,"column":20},"end":{"line":61,"column":null}},"21":{"start":{"line":63,"column":2},"end":{"line":159,"column":null}},"22":{"start":{"line":73,"column":30},"end":{"line":73,"column":null}}},"fnMap":{"0":{"name":"(anonymous_0)","decl":{"start":{"line":31,"column":46},"end":{"line":31,"column":47}},"loc":{"start":{"line":31,"column":75},"end":{"line":165,"column":null}},"line":31},"1":{"name":"(anonymous_1)","decl":{"start":{"line":35,"column":29},"end":{"line":35,"column":null}},"loc":{"start":{"line":35,"column":29},"end":{"line":41,"column":null}},"line":35},"2":{"name":"(anonymous_2)","decl":{"start":{"line":43,"column":26},"end":{"line":43,"column":null}},"loc":{"start":{"line":43,"column":26},"end":{"line":49,"column":null}},"line":43},"3":{"name":"(anonymous_3)","decl":{"start":{"line":51,"column":25},"end":{"line":51,"column":null}},"loc":{"start":{"line":51,"column":25},"end":{"line":55,"column":null}},"line":51},"4":{"name":"(anonymous_4)","decl":{"start":{"line":73,"column":19},"end":{"line":73,"column":20}},"loc":{"start":{"line":73,"column":30},"end":{"line":73,"column":null}},"line":73}},"branchMap":{"0":{"loc":{"start":{"line":37,"column":4},"end":{"line":40,"column":null}},"type":"if","locations":[{"start":{"line":37,"column":4},"end":{"line":40,"column":null}},{"start":{},"end":{}}],"line":37},"1":{"loc":{"start":{"line":45,"column":4},"end":{"line":48,"column":null}},"type":"if","locations":[{"start":{"line":45,"column":4},"end":{"line":48,"column":null}},{"start":{},"end":{}}],"line":45},"2":{"loc":{"start":{"line":61,"column":2},"end":{"line":61,"column":null}},"type":"if","locations":[{"start":{"line":61,"column":2},"end":{"line":61,"column":null}},{"start":{},"end":{}}],"line":61},"3":{"loc":{"start":{"line":85,"column":11},"end":{"line":104,"column":null}},"type":"binary-expr","locations":[{"start":{"line":85,"column":11},"end":{"line":85,"column":null}},{"start":{"line":85,"column":11},"end":{"line":104,"column":null}}],"line":85},"4":{"loc":{"start":{"line":87,"column":21},"end":{"line":87,"column":null}},"type":"cond-expr","locations":[{"start":{"line":87,"column":34},"end":{"line":87,"column":88}},{"start":{"line":87,"column":88},"end":{"line":87,"column":null}}],"line":87},"5":{"loc":{"start":{"line":100,"column":37},"end":{"line":100,"column":null}},"type":"cond-expr","locations":[{"start":{"line":100,"column":49},"end":{"line":100,"column":61}},{"start":{"line":100,"column":61},"end":{"line":100,"column":null}}],"line":100},"6":{"loc":{"start":{"line":111,"column":11},"end":{"line":125,"column":null}},"type":"binary-expr","locations":[{"start":{"line":111,"column":11},"end":{"line":111,"column":null}},{"start":{"line":111,"column":11},"end":{"line":125,"column":null}}],"line":111},"7":{"loc":{"start":{"line":131,"column":11},"end":{"line":133,"column":null}},"type":"binary-expr","locations":[{"start":{"line":131,"column":11},"end":{"line":131,"column":null}},{"start":{"line":131,"column":12},"end":{"line":133,"column":null}}],"line":131}},"s":{"0":0,"1":0,"2":0,"3":0,"4":0,"5":0,"6":0,"7":0,"8":0,"9":0,"10":0,"11":0,"12":0,"13":0,"14":0,"15":0,"16":0,"17":0,"18":0,"19":0,"20":0,"21":0,"22":0},"f":{"0":0,"1":0,"2":0,"3":0,"4":0},"b":{"0":[0,0],"1":[0,0],"2":[0,0],"3":[0,0],"4":[0,0],"5":[0,0],"6":[0,0],"7":[0,0]},"meta":{"lastBranch":8,"lastFunction":5,"lastStatement":23,"seen":{"s:31:46:165:Infinity":0,"f:31:46:31:47":0,"s:32:8:32:Infinity":1,"s:33:66:33:Infinity":2,"s:35:29:41:Infinity":3,"f:35:29:35:Infinity":1,"s:36:20:36:Infinity":4,"b:37:4:40:Infinity:undefined:undefined:undefined:undefined":0,"s:37:4:40:Infinity":5,"s:38:6:38:Infinity":6,"s:39:6:39:Infinity":7,"s:43:26:49:Infinity":8,"f:43:26:43:Infinity":2,"s:44:20:44:Infinity":9,"b:45:4:48:Infinity:undefined:undefined:undefined:undefined":1,"s:45:4:48:Infinity":10,"s:46:6:46:Infinity":11,"s:47:6:47:Infinity":12,"s:51:25:55:Infinity":13,"f:51:25:51:Infinity":3,"s:52:4:52:Infinity":14,"s:53:4:53:Infinity":15,"s:54:4:54:Infinity":16,"s:57:20:57:Infinity":17,"s:59:19:59:Infinity":18,"b:61:2:61:Infinity:undefined:undefined:undefined:undefined":2,"s:61:2:61:Infinity":19,"s:61:20:61:Infinity":20,"s:63:2:159:Infinity":21,"f:73:19:73:20":4,"s:73:30:73:Infinity":22,"b:85:11:85:Infinity:85:11:104:Infinity":3,"b:87:34:87:88:87:88:87:Infinity":4,"b:100:49:100:61:100:61:100:Infinity":5,"b:111:11:111:Infinity:111:11:125:Infinity":6,"b:131:11:131:Infinity:131:12:133:Infinity":7}}}
,"D:\\Workspace\\mark_down\\mark-down\\src\\components\\Sidebar.tsx": {"path":"D:\\Workspace\\mark_down\\mark-down\\src\\components\\Sidebar.tsx","statementMap":{"0":{"start":{"line":25,"column":20},"end":{"line":25,"column":null}},"1":{"start":{"line":27,"column":53},"end":{"line":59,"column":null}},"2":{"start":{"line":28,"column":39},"end":{"line":28,"column":null}},"3":{"start":{"line":29,"column":8},"end":{"line":29,"column":null}},"4":{"start":{"line":31,"column":24},"end":{"line":36,"column":null}},"5":{"start":{"line":32,"column":20},"end":{"line":32,"column":35}},"6":{"start":{"line":33,"column":4},"end":{"line":35,"column":null}},"7":{"start":{"line":34,"column":6},"end":{"line":34,"column":null}},"8":{"start":{"line":38,"column":2},"end":{"line":40,"column":null}},"9":{"start":{"line":39,"column":4},"end":{"line":39,"column":null}},"10":{"start":{"line":42,"column":2},"end":{"line":55,"column":null}},"11":{"start":{"line":66,"column":40},"end":{"line":228,"column":null}},"12":{"start":{"line":67,"column":8},"end":{"line":67,"column":null}},"13":{"start":{"line":68,"column":8},"end":{"line":68,"column":null}},"14":{"start":{"line":69,"column":42},"end":{"line":69,"column":null}},"15":{"start":{"line":70,"column":41},"end":{"line":70,"column":null}},"16":{"start":{"line":71,"column":39},"end":{"line":71,"column":null}},"17":{"start":{"line":73,"column":25},"end":{"line":73,"column":null}},"18":{"start":{"line":73,"column":45},"end":{"line":73,"column":58}},"19":{"start":{"line":74,"column":24},"end":{"line":74,"column":null}},"20":{"start":{"line":74,"column":44},"end":{"line":74,"column":56}},"21":{"start":{"line":76,"column":26},"end":{"line":81,"column":null}},"22":{"start":{"line":77,"column":4},"end":{"line":77,"column":null}},"23":{"start":{"line":78,"column":4},"end":{"line":80,"column":null}},"24":{"start":{"line":79,"column":6},"end":{"line":79,"column":null}},"25":{"start":{"line":83,"column":2},"end":{"line":195,"column":null}},"26":{"start":{"line":128,"column":41},"end":{"line":128,"column":null}},"27":{"start":{"line":145,"column":36},"end":{"line":147,"column":null}},"28":{"start":{"line":157,"column":35},"end":{"line":157,"column":null}},"29":{"start":{"line":181,"column":41},"end":{"line":181,"column":null}},"30":{"start":{"line":193,"column":34},"end":{"line":195,"column":null}},"31":{"start":{"line":205,"column":33},"end":{"line":205,"column":null}}},"fnMap":{"0":{"name":"(anonymous_0)","decl":{"start":{"line":27,"column":53},"end":{"line":27,"column":54}},"loc":{"start":{"line":27,"column":62},"end":{"line":59,"column":null}},"line":27},"1":{"name":"(anonymous_1)","decl":{"start":{"line":31,"column":24},"end":{"line":31,"column":null}},"loc":{"start":{"line":31,"column":24},"end":{"line":36,"column":null}},"line":31},"2":{"name":"(anonymous_2)","decl":{"start":{"line":38,"column":12},"end":{"line":38,"column":null}},"loc":{"start":{"line":38,"column":12},"end":{"line":40,"column":5}},"line":38},"3":{"name":"(anonymous_3)","decl":{"start":{"line":66,"column":40},"end":{"line":66,"column":41}},"loc":{"start":{"line":66,"column":72},"end":{"line":228,"column":null}},"line":66},"4":{"name":"(anonymous_4)","decl":{"start":{"line":73,"column":38},"end":{"line":73,"column":39}},"loc":{"start":{"line":73,"column":45},"end":{"line":73,"column":58}},"line":73},"5":{"name":"(anonymous_5)","decl":{"start":{"line":74,"column":37},"end":{"line":74,"column":38}},"loc":{"start":{"line":74,"column":44},"end":{"line":74,"column":56}},"line":74},"6":{"name":"(anonymous_6)","decl":{"start":{"line":76,"column":26},"end":{"line":76,"column":27}},"loc":{"start":{"line":76,"column":27},"end":{"line":81,"column":null}},"line":76},"7":{"name":"(anonymous_7)","decl":{"start":{"line":128,"column":35},"end":{"line":128,"column":41}},"loc":{"start":{"line":128,"column":41},"end":{"line":128,"column":null}},"line":128},"8":{"name":"(anonymous_8)","decl":{"start":{"line":145,"column":35},"end":{"line":145,"column":36}},"loc":{"start":{"line":145,"column":36},"end":{"line":147,"column":null}},"line":145},"9":{"name":"(anonymous_9)","decl":{"start":{"line":157,"column":29},"end":{"line":157,"column":35}},"loc":{"start":{"line":157,"column":35},"end":{"line":157,"column":null}},"line":157},"10":{"name":"(anonymous_10)","decl":{"start":{"line":181,"column":35},"end":{"line":181,"column":41}},"loc":{"start":{"line":181,"column":41},"end":{"line":181,"column":null}},"line":181},"11":{"name":"(anonymous_11)","decl":{"start":{"line":193,"column":33},"end":{"line":193,"column":34}},"loc":{"start":{"line":193,"column":34},"end":{"line":195,"column":null}},"line":193},"12":{"name":"(anonymous_12)","decl":{"start":{"line":205,"column":27},"end":{"line":205,"column":33}},"loc":{"start":{"line":205,"column":33},"end":{"line":205,"column":null}},"line":205}},"branchMap":{"0":{"loc":{"start":{"line":33,"column":4},"end":{"line":35,"column":null}},"type":"if","locations":[{"start":{"line":33,"column":4},"end":{"line":35,"column":null}},{"start":{},"end":{}}],"line":33},"1":{"loc":{"start":{"line":66,"column":43},"end":{"line":66,"column":61}},"type":"default-arg","locations":[{"start":{"line":66,"column":56},"end":{"line":66,"column":61}}],"line":66},"2":{"loc":{"start":{"line":78,"column":4},"end":{"line":80,"column":null}},"type":"if","locations":[{"start":{"line":78,"column":4},"end":{"line":80,"column":null}},{"start":{},"end":{}}],"line":78},"3":{"loc":{"start":{"line":78,"column":8},"end":{"line":78,"column":29}},"type":"binary-expr","locations":[{"start":{"line":78,"column":8},"end":{"line":78,"column":20}},{"start":{"line":78,"column":20},"end":{"line":78,"column":29}}],"line":78},"4":{"loc":{"start":{"line":85,"column":15},"end":{"line":85,"column":null}},"type":"cond-expr","locations":[{"start":{"line":85,"column":26},"end":{"line":85,"column":40}},{"start":{"line":85,"column":40},"end":{"line":85,"column":null}}],"line":85},"5":{"loc":{"start":{"line":86,"column":12},"end":{"line":86,"column":null}},"type":"cond-expr","locations":[{"start":{"line":86,"column":23},"end":{"line":86,"column":36}},{"start":{"line":86,"column":36},"end":{"line":86,"column":null}}],"line":86},"6":{"loc":{"start":{"line":117,"column":11},"end":{"line":119,"column":null}},"type":"binary-expr","locations":[{"start":{"line":117,"column":11},"end":{"line":117,"column":null}},{"start":{"line":117,"column":11},"end":{"line":119,"column":null}}],"line":117},"7":{"loc":{"start":{"line":136,"column":13},"end":{"line":136,"column":null}},"type":"cond-expr","locations":[{"start":{"line":136,"column":13},"end":{"line":136,"column":47}},{"start":{"line":136,"column":46},"end":{"line":136,"column":null}}],"line":136},"8":{"loc":{"start":{"line":140,"column":15},"end":{"line":147,"column":null}},"type":"cond-expr","locations":[{"start":{"line":140,"column":41},"end":{"line":145,"column":31}},{"start":{"line":145,"column":16},"end":{"line":147,"column":null}}],"line":140},"9":{"loc":{"start":{"line":153,"column":24},"end":{"line":155,"column":null}},"type":"cond-expr","locations":[{"start":{"line":154,"column":28},"end":{"line":154,"column":57}},{"start":{"line":155,"column":28},"end":{"line":155,"column":null}}],"line":153},"10":{"loc":{"start":{"line":163,"column":26},"end":{"line":165,"column":null}},"type":"cond-expr","locations":[{"start":{"line":164,"column":30},"end":{"line":164,"column":null}},{"start":{"line":165,"column":30},"end":{"line":165,"column":null}}],"line":163},"11":{"loc":{"start":{"line":189,"column":13},"end":{"line":189,"column":null}},"type":"cond-expr","locations":[{"start":{"line":189,"column":13},"end":{"line":189,"column":46}},{"start":{"line":189,"column":45},"end":{"line":189,"column":null}}],"line":189},"12":{"loc":{"start":{"line":201,"column":22},"end":{"line":203,"column":null}},"type":"cond-expr","locations":[{"start":{"line":202,"column":26},"end":{"line":202,"column":55}},{"start":{"line":203,"column":26},"end":{"line":203,"column":null}}],"line":201},"13":{"loc":{"start":{"line":211,"column":24},"end":{"line":213,"column":null}},"type":"cond-expr","locations":[{"start":{"line":212,"column":28},"end":{"line":212,"column":null}},{"start":{"line":213,"column":28},"end":{"line":213,"column":null}}],"line":211}},"s":{"0":0,"1":0,"2":0,"3":0,"4":0,"5":0,"6":0,"7":0,"8":0,"9":0,"10":0,"11":0,"12":0,"13":0,"14":0,"15":0,"16":0,"17":0,"18":0,"19":0,"20":0,"21":0,"22":0,"23":0,"24":0,"25":0,"26":0,"27":0,"28":0,"29":0,"30":0,"31":0},"f":{"0":0,"1":0,"2":0,"3":0,"4":0,"5":0,"6":0,"7":0,"8":0,"9":0,"10":0,"11":0,"12":0},"b":{"0":[0,0],"1":[0],"2":[0,0],"3":[0,0],"4":[0,0],"5":[0,0],"6":[0,0],"7":[0,0],"8":[0,0],"9":[0,0],"10":[0,0],"11":[0,0],"12":[0,0],"13":[0,0]},"meta":{"lastBranch":14,"lastFunction":13,"lastStatement":32,"seen":{"s:25:20:25:Infinity":0,"s:27:53:59:Infinity":1,"f:27:53:27:54":0,"s:28:39:28:Infinity":2,"s:29:8:29:Infinity":3,"s:31:24:36:Infinity":4,"f:31:24:31:Infinity":1,"s:32:20:32:35":5,"b:33:4:35:Infinity:undefined:undefined:undefined:undefined":0,"s:33:4:35:Infinity":6,"s:34:6:34:Infinity":7,"s:38:2:40:Infinity":8,"f:38:12:38:Infinity":2,"s:39:4:39:Infinity":9,"s:42:2:55:Infinity":10,"s:66:40:228:Infinity":11,"f:66:40:66:41":3,"b:66:56:66:61":1,"s:67:8:67:Infinity":12,"s:68:8:68:Infinity":13,"s:69:42:69:Infinity":14,"s:70:41:70:Infinity":15,"s:71:39:71:Infinity":16,"s:73:25:73:Infinity":17,"f:73:38:73:39":4,"s:73:45:73:58":18,"s:74:24:74:Infinity":19,"f:74:37:74:38":5,"s:74:44:74:56":20,"s:76:26:81:Infinity":21,"f:76:26:76:27":6,"s:77:4:77:Infinity":22,"b:78:4:80:Infinity:undefined:undefined:undefined:undefined":2,"s:78:4:80:Infinity":23,"b:78:8:78:20:78:20:78:29":3,"s:79:6:79:Infinity":24,"s:83:2:195:Infinity":25,"b:85:26:85:40:85:40:85:Infinity":4,"b:86:23:86:36:86:36:86:Infinity":5,"b:117:11:117:Infinity:117:11:119:Infinity":6,"f:128:35:128:41":7,"s:128:41:128:Infinity":26,"b:136:13:136:47:136:46:136:Infinity":7,"b:140:41:145:31:145:16:147:Infinity":8,"f:145:35:145:36":8,"s:145:36:147:Infinity":27,"b:154:28:154:57:155:28:155:Infinity":9,"f:157:29:157:35":9,"s:157:35:157:Infinity":28,"b:164:30:164:Infinity:165:30:165:Infinity":10,"f:181:35:181:41":10,"s:181:41:181:Infinity":29,"b:189:13:189:46:189:45:189:Infinity":11,"f:193:33:193:34":11,"s:193:34:195:Infinity":30,"b:202:26:202:55:203:26:203:Infinity":12,"f:205:27:205:33":12,"s:205:33:205:Infinity":31,"b:212:28:212:Infinity:213:28:213:Infinity":13}}}
,"D:\\Workspace\\mark_down\\mark-down\\src\\components\\MarkdownReader\\AddSectionPopover.tsx": {"path":"D:\\Workspace\\mark_down\\mark-down\\src\\components\\MarkdownReader\\AddSectionPopover.tsx","statementMap":{"0":{"start":{"line":18,"column":67},"end":{"line":85,"column":null}},"1":{"start":{"line":19,"column":2},"end":{"line":79,"column":null}},"2":{"start":{"line":35,"column":41},"end":{"line":35,"column":null}},"3":{"start":{"line":41,"column":41},"end":{"line":41,"column":null}},"4":{"start":{"line":47,"column":41},"end":{"line":47,"column":null}},"5":{"start":{"line":53,"column":41},"end":{"line":53,"column":null}},"6":{"start":{"line":59,"column":41},"end":{"line":59,"column":null}},"7":{"start":{"line":65,"column":41},"end":{"line":65,"column":null}},"8":{"start":{"line":71,"column":41},"end":{"line":71,"column":null}},"9":{"start":{"line":77,"column":41},"end":{"line":77,"column":null}}},"fnMap":{"0":{"name":"(anonymous_0)","decl":{"start":{"line":18,"column":67},"end":{"line":18,"column":68}},"loc":{"start":{"line":18,"column":99},"end":{"line":85,"column":null}},"line":18},"1":{"name":"(anonymous_1)","decl":{"start":{"line":35,"column":35},"end":{"line":35,"column":41}},"loc":{"start":{"line":35,"column":41},"end":{"line":35,"column":null}},"line":35},"2":{"name":"(anonymous_2)","decl":{"start":{"line":41,"column":35},"end":{"line":41,"column":41}},"loc":{"start":{"line":41,"column":41},"end":{"line":41,"column":null}},"line":41},"3":{"name":"(anonymous_3)","decl":{"start":{"line":47,"column":35},"end":{"line":47,"column":41}},"loc":{"start":{"line":47,"column":41},"end":{"line":47,"column":null}},"line":47},"4":{"name":"(anonymous_4)","decl":{"start":{"line":53,"column":35},"end":{"line":53,"column":41}},"loc":{"start":{"line":53,"column":41},"end":{"line":53,"column":null}},"line":53},"5":{"name":"(anonymous_5)","decl":{"start":{"line":59,"column":35},"end":{"line":59,"column":41}},"loc":{"start":{"line":59,"column":41},"end":{"line":59,"column":null}},"line":59},"6":{"name":"(anonymous_6)","decl":{"start":{"line":65,"column":35},"end":{"line":65,"column":41}},"loc":{"start":{"line":65,"column":41},"end":{"line":65,"column":null}},"line":65},"7":{"name":"(anonymous_7)","decl":{"start":{"line":71,"column":35},"end":{"line":71,"column":41}},"loc":{"start":{"line":71,"column":41},"end":{"line":71,"column":null}},"line":71},"8":{"name":"(anonymous_8)","decl":{"start":{"line":77,"column":35},"end":{"line":77,"column":41}},"loc":{"start":{"line":77,"column":41},"end":{"line":77,"column":null}},"line":77}},"branchMap":{},"s":{"0":0,"1":0,"2":0,"3":0,"4":0,"5":0,"6":0,"7":0,"8":0,"9":0},"f":{"0":0,"1":0,"2":0,"3":0,"4":0,"5":0,"6":0,"7":0,"8":0},"b":{},"meta":{"lastBranch":0,"lastFunction":9,"lastStatement":10,"seen":{"s:18:67:85:Infinity":0,"f:18:67:18:68":0,"s:19:2:79:Infinity":1,"f:35:35:35:41":1,"s:35:41:35:Infinity":2,"f:41:35:41:41":2,"s:41:41:41:Infinity":3,"f:47:35:47:41":3,"s:47:41:47:Infinity":4,"f:53:35:53:41":4,"s:53:41:53:Infinity":5,"f:59:35:59:41":5,"s:59:41:59:Infinity":6,"f:65:35:65:41":6,"s:65:41:65:Infinity":7,"f:71:35:71:41":7,"s:71:41:71:Infinity":8,"f:77:35:77:41":8,"s:77:41:77:Infinity":9}}}
,"D:\\Workspace\\mark_down\\mark-down\\src\\components\\MarkdownReader\\MarkdownComponents.tsx": {"path":"D:\\Workspace\\mark_down\\mark-down\\src\\components\\MarkdownReader\\MarkdownComponents.tsx","statementMap":{"0":{"start":{"line":8,"column":37},"end":{"line":261,"column":null}},"1":{"start":{"line":9,"column":8},"end":{"line":9,"column":null}},"2":{"start":{"line":10,"column":22},"end":{"line":10,"column":null}},"3":{"start":{"line":13,"column":24},"end":{"line":36,"column":null}},"4":{"start":{"line":14,"column":4},"end":{"line":14,"column":null}},"5":{"start":{"line":14,"column":30},"end":{"line":14,"column":null}},"6":{"start":{"line":15,"column":18},"end":{"line":15,"column":null}},"7":{"start":{"line":16,"column":4},"end":{"line":31,"column":null}},"8":{"start":{"line":19,"column":10},"end":{"line":31,"column":null}},"9":{"start":{"line":38,"column":22},"end":{"line":49,"column":null}},"10":{"start":{"line":39,"column":4},"end":{"line":46,"column":null}},"11":{"start":{"line":42,"column":10},"end":{"line":44,"column":null}},"12":{"start":{"line":43,"column":12},"end":{"line":43,"column":null}},"13":{"start":{"line":45,"column":10},"end":{"line":45,"column":null}},"14":{"start":{"line":51,"column":21},"end":{"line":70,"column":null}},"15":{"start":{"line":56,"column":4},"end":{"line":67,"column":null}},"16":{"start":{"line":72,"column":19},"end":{"line":174,"column":null}},"17":{"start":{"line":76,"column":10},"end":{"line":76,"column":null}},"18":{"start":{"line":77,"column":29},"end":{"line":77,"column":null}},"19":{"start":{"line":79,"column":23},"end":{"line":85,"column":null}},"20":{"start":{"line":80,"column":6},"end":{"line":84,"column":null}},"21":{"start":{"line":81,"column":8},"end":{"line":81,"column":null}},"22":{"start":{"line":82,"column":8},"end":{"line":82,"column":null}},"23":{"start":{"line":83,"column":8},"end":{"line":83,"column":null}},"24":{"start":{"line":83,"column":25},"end":{"line":83,"column":43}},"25":{"start":{"line":87,"column":19},"end":{"line":87,"column":null}},"26":{"start":{"line":88,"column":4},"end":{"line":93,"column":null}},"27":{"start":{"line":90,"column":8},"end":{"line":90,"column":null}},"28":{"start":{"line":91,"column":20},"end":{"line":91,"column":null}},"29":{"start":{"line":92,"column":6},"end":{"line":92,"column":null}},"30":{"start":{"line":92,"column":17},"end":{"line":92,"column":null}},"31":{"start":{"line":95,"column":4},"end":{"line":168,"column":null}},"32":{"start":{"line":176,"column":33},"end":{"line":258,"column":null}},"33":{"start":{"line":180,"column":20},"end":{"line":182,"column":null}},"34":{"start":{"line":185,"column":21},"end":{"line":187,"column":null}},"35":{"start":{"line":190,"column":21},"end":{"line":192,"column":null}},"36":{"start":{"line":195,"column":21},"end":{"line":197,"column":null}},"37":{"start":{"line":200,"column":21},"end":{"line":202,"column":null}},"38":{"start":{"line":205,"column":21},"end":{"line":207,"column":null}},"39":{"start":{"line":210,"column":21},"end":{"line":212,"column":null}},"40":{"start":{"line":215,"column":21},"end":{"line":218,"column":null}},"41":{"start":{"line":222,"column":25},"end":{"line":237,"column":null}},"42":{"start":{"line":240,"column":20},"end":{"line":255,"column":null}},"43":{"start":{"line":260,"column":2},"end":{"line":260,"column":null}},"44":{"start":{"line":263,"column":37},"end":{"line":304,"column":null}}},"fnMap":{"0":{"name":"(anonymous_0)","decl":{"start":{"line":8,"column":37},"end":{"line":8,"column":38}},"loc":{"start":{"line":8,"column":38},"end":{"line":261,"column":null}},"line":8},"1":{"name":"(anonymous_1)","decl":{"start":{"line":13,"column":24},"end":{"line":13,"column":25}},"loc":{"start":{"line":13,"column":51},"end":{"line":36,"column":null}},"line":13},"2":{"name":"(anonymous_2)","decl":{"start":{"line":18,"column":19},"end":{"line":18,"column":20}},"loc":{"start":{"line":19,"column":10},"end":{"line":31,"column":null}},"line":19},"3":{"name":"(anonymous_3)","decl":{"start":{"line":38,"column":22},"end":{"line":38,"column":23}},"loc":{"start":{"line":38,"column":66},"end":{"line":49,"column":null}},"line":38},"4":{"name":"(anonymous_4)","decl":{"start":{"line":41,"column":38},"end":{"line":41,"column":39}},"loc":{"start":{"line":41,"column":39},"end":{"line":46,"column":null}},"line":41},"5":{"name":"(anonymous_5)","decl":{"start":{"line":51,"column":21},"end":{"line":51,"column":22}},"loc":{"start":{"line":55,"column":38},"end":{"line":70,"column":null}},"line":55},"6":{"name":"(anonymous_6)","decl":{"start":{"line":72,"column":19},"end":{"line":72,"column":20}},"loc":{"start":{"line":75,"column":41},"end":{"line":174,"column":null}},"line":75},"7":{"name":"(anonymous_7)","decl":{"start":{"line":79,"column":23},"end":{"line":79,"column":null}},"loc":{"start":{"line":79,"column":23},"end":{"line":85,"column":null}},"line":79},"8":{"name":"(anonymous_8)","decl":{"start":{"line":83,"column":19},"end":{"line":83,"column":25}},"loc":{"start":{"line":83,"column":25},"end":{"line":83,"column":43}},"line":83},"9":{"name":"(anonymous_9)","decl":{"start":{"line":180,"column":7},"end":{"line":180,"column":8}},"loc":{"start":{"line":180,"column":20},"end":{"line":182,"column":null}},"line":180},"10":{"name":"(anonymous_10)","decl":{"start":{"line":185,"column":8},"end":{"line":185,"column":9}},"loc":{"start":{"line":185,"column":21},"end":{"line":187,"column":null}},"line":185},"11":{"name":"(anonymous_11)","decl":{"start":{"line":190,"column":8},"end":{"line":190,"column":9}},"loc":{"start":{"line":190,"column":21},"end":{"line":192,"column":null}},"line":190},"12":{"name":"(anonymous_12)","decl":{"start":{"line":195,"column":8},"end":{"line":195,"column":9}},"loc":{"start":{"line":195,"column":21},"end":{"line":197,"column":null}},"line":195},"13":{"name":"(anonymous_13)","decl":{"start":{"line":200,"column":8},"end":{"line":200,"column":9}},"loc":{"start":{"line":200,"column":21},"end":{"line":202,"column":null}},"line":200},"14":{"name":"(anonymous_14)","decl":{"start":{"line":205,"column":8},"end":{"line":205,"column":9}},"loc":{"start":{"line":205,"column":21},"end":{"line":207,"column":null}},"line":205},"15":{"name":"(anonymous_15)","decl":{"start":{"line":210,"column":8},"end":{"line":210,"column":9}},"loc":{"start":{"line":210,"column":21},"end":{"line":212,"column":null}},"line":210},"16":{"name":"(anonymous_16)","decl":{"start":{"line":215,"column":8},"end":{"line":215,"column":9}},"loc":{"start":{"line":215,"column":21},"end":{"line":218,"column":null}},"line":215},"17":{"name":"(anonymous_17)","decl":{"start":{"line":222,"column":12},"end":{"line":222,"column":13}},"loc":{"start":{"line":222,"column":25},"end":{"line":237,"column":null}},"line":222},"18":{"name":"(anonymous_18)","decl":{"start":{"line":240,"column":7},"end":{"line":240,"column":8}},"loc":{"start":{"line":240,"column":20},"end":{"line":255,"column":null}},"line":240}},"branchMap":{"0":{"loc":{"start":{"line":14,"column":4},"end":{"line":14,"column":null}},"type":"if","locations":[{"start":{"line":14,"column":4},"end":{"line":14,"column":null}},{"start":{},"end":{}}],"line":14},"1":{"loc":{"start":{"line":14,"column":8},"end":{"line":14,"column":30}},"type":"binary-expr","locations":[{"start":{"line":14,"column":8},"end":{"line":14,"column":23}},{"start":{"line":14,"column":23},"end":{"line":14,"column":30}}],"line":14},"2":{"loc":{"start":{"line":19,"column":10},"end":{"line":31,"column":null}},"type":"cond-expr","locations":[{"start":{"line":19,"column":55},"end":{"line":31,"column":null}},{"start":{"line":31,"column":12},"end":{"line":31,"column":null}}],"line":19},"3":{"loc":{"start":{"line":42,"column":10},"end":{"line":44,"column":null}},"type":"if","locations":[{"start":{"line":42,"column":10},"end":{"line":44,"column":null}},{"start":{},"end":{}}],"line":42},"4":{"loc":{"start":{"line":80,"column":6},"end":{"line":84,"column":null}},"type":"if","locations":[{"start":{"line":80,"column":6},"end":{"line":84,"column":null}},{"start":{},"end":{}}],"line":80},"5":{"loc":{"start":{"line":88,"column":4},"end":{"line":93,"column":null}},"type":"if","locations":[{"start":{"line":88,"column":4},"end":{"line":93,"column":null}},{"start":{},"end":{}}],"line":88},"6":{"loc":{"start":{"line":90,"column":8},"end":{"line":90,"column":null}},"type":"binary-expr","locations":[{"start":{"line":90,"column":8},"end":{"line":90,"column":65}},{"start":{"line":90,"column":65},"end":{"line":90,"column":null}}],"line":90},"7":{"loc":{"start":{"line":92,"column":6},"end":{"line":92,"column":null}},"type":"if","locations":[{"start":{"line":92,"column":6},"end":{"line":92,"column":null}},{"start":{},"end":{}}],"line":92},"8":{"loc":{"start":{"line":132,"column":28},"end":{"line":132,"column":null}},"type":"cond-expr","locations":[{"start":{"line":132,"column":37},"end":{"line":132,"column":49}},{"start":{"line":132,"column":49},"end":{"line":132,"column":null}}],"line":132},"9":{"loc":{"start":{"line":145,"column":17},"end":{"line":148,"column":null}},"type":"cond-expr","locations":[{"start":{"line":145,"column":17},"end":{"line":148,"column":19}},{"start":{"line":148,"column":18},"end":{"line":148,"column":null}}],"line":145},"10":{"loc":{"start":{"line":226,"column":10},"end":{"line":234,"column":null}},"type":"cond-expr","locations":[{"start":{"line":227,"column":14},"end":{"line":233,"column":null}},{"start":{"line":234,"column":14},"end":{"line":234,"column":null}}],"line":226},"11":{"loc":{"start":{"line":244,"column":10},"end":{"line":252,"column":null}},"type":"cond-expr","locations":[{"start":{"line":245,"column":14},"end":{"line":251,"column":null}},{"start":{"line":252,"column":14},"end":{"line":252,"column":null}}],"line":244}},"s":{"0":0,"1":0,"2":0,"3":0,"4":0,"5":0,"6":0,"7":0,"8":0,"9":0,"10":0,"11":0,"12":0,"13":0,"14":0,"15":0,"16":0,"17":0,"18":0,"19":0,"20":0,"21":0,"22":0,"23":0,"24":0,"25":0,"26":0,"27":0,"28":0,"29":0,"30":0,"31":0,"32":0,"33":0,"34":0,"35":0,"36":0,"37":0,"38":0,"39":0,"40":0,"41":0,"42":0,"43":0,"44":0},"f":{"0":0,"1":0,"2":0,"3":0,"4":0,"5":0,"6":0,"7":0,"8":0,"9":0,"10":0,"11":0,"12":0,"13":0,"14":0,"15":0,"16":0,"17":0,"18":0},"b":{"0":[0,0],"1":[0,0],"2":[0,0],"3":[0,0],"4":[0,0],"5":[0,0],"6":[0,0],"7":[0,0],"8":[0,0],"9":[0,0],"10":[0,0],"11":[0,0]},"meta":{"lastBranch":12,"lastFunction":19,"lastStatement":45,"seen":{"s:8:37:261:Infinity":0,"f:8:37:8:38":0,"s:9:8:9:Infinity":1,"s:10:22:10:Infinity":2,"s:13:24:36:Infinity":3,"f:13:24:13:25":1,"b:14:4:14:Infinity:undefined:undefined:undefined:undefined":0,"s:14:4:14:Infinity":4,"b:14:8:14:23:14:23:14:30":1,"s:14:30:14:Infinity":5,"s:15:18:15:Infinity":6,"s:16:4:31:Infinity":7,"f:18:19:18:20":2,"s:19:10:31:Infinity":8,"b:19:55:31:Infinity:31:12:31:Infinity":2,"s:38:22:49:Infinity":9,"f:38:22:38:23":3,"s:39:4:46:Infinity":10,"f:41:38:41:39":4,"b:42:10:44:Infinity:undefined:undefined:undefined:undefined":3,"s:42:10:44:Infinity":11,"s:43:12:43:Infinity":12,"s:45:10:45:Infinity":13,"s:51:21:70:Infinity":14,"f:51:21:51:22":5,"s:56:4:67:Infinity":15,"s:72:19:174:Infinity":16,"f:72:19:72:20":6,"s:76:10:76:Infinity":17,"s:77:29:77:Infinity":18,"s:79:23:85:Infinity":19,"f:79:23:79:Infinity":7,"b:80:6:84:Infinity:undefined:undefined:undefined:undefined":4,"s:80:6:84:Infinity":20,"s:81:8:81:Infinity":21,"s:82:8:82:Infinity":22,"s:83:8:83:Infinity":23,"f:83:19:83:25":8,"s:83:25:83:43":24,"s:87:19:87:Infinity":25,"b:88:4:93:Infinity:undefined:undefined:undefined:undefined":5,"s:88:4:93:Infinity":26,"s:90:8:90:Infinity":27,"b:90:8:90:65:90:65:90:Infinity":6,"s:91:20:91:Infinity":28,"b:92:6:92:Infinity:undefined:undefined:undefined:undefined":7,"s:92:6:92:Infinity":29,"s:92:17:92:Infinity":30,"s:95:4:168:Infinity":31,"b:132:37:132:49:132:49:132:Infinity":8,"b:145:17:148:19:148:18:148:Infinity":9,"s:176:33:258:Infinity":32,"f:180:7:180:8":9,"s:180:20:182:Infinity":33,"f:185:8:185:9":10,"s:185:21:187:Infinity":34,"f:190:8:190:9":11,"s:190:21:192:Infinity":35,"f:195:8:195:9":12,"s:195:21:197:Infinity":36,"f:200:8:200:9":13,"s:200:21:202:Infinity":37,"f:205:8:205:9":14,"s:205:21:207:Infinity":38,"f:210:8:210:9":15,"s:210:21:212:Infinity":39,"f:215:8:215:9":16,"s:215:21:218:Infinity":40,"f:222:12:222:13":17,"s:222:25:237:Infinity":41,"b:227:14:233:Infinity:234:14:234:Infinity":10,"f:240:7:240:8":18,"s:240:20:255:Infinity":42,"b:245:14:251:Infinity:252:14:252:Infinity":11,"s:260:2:260:Infinity":43,"s:263:37:304:Infinity":44}}}
,"D:\\Workspace\\mark_down\\mark-down\\src\\components\\MarkdownReader\\MarkdownEditorBlock.tsx": {"path":"D:\\Workspace\\mark_down\\mark-down\\src\\components\\MarkdownReader\\MarkdownEditorBlock.tsx","statementMap":{"0":{"start":{"line":10,"column":71},"end":{"line":67,"column":null}},"1":{"start":{"line":11,"column":8},"end":{"line":11,"column":null}},"2":{"start":{"line":12,"column":33},"end":{"line":12,"column":null}},"3":{"start":{"line":14,"column":2},"end":{"line":16,"column":null}},"4":{"start":{"line":15,"column":4},"end":{"line":15,"column":null}},"5":{"start":{"line":18,"column":21},"end":{"line":20,"column":null}},"6":{"start":{"line":19,"column":4},"end":{"line":19,"column":null}},"7":{"start":{"line":22,"column":2},"end":{"line":61,"column":null}},"8":{"start":{"line":30,"column":27},"end":{"line":30,"column":null}},"9":{"start":{"line":32,"column":12},"end":{"line":47,"column":null}},"10":{"start":{"line":33,"column":14},"end":{"line":33,"column":null}},"11":{"start":{"line":34,"column":29},"end":{"line":34,"column":37}},"12":{"start":{"line":35,"column":28},"end":{"line":35,"column":49}},"13":{"start":{"line":36,"column":26},"end":{"line":36,"column":45}},"14":{"start":{"line":37,"column":31},"end":{"line":37,"column":null}},"15":{"start":{"line":38,"column":14},"end":{"line":38,"column":null}},"16":{"start":{"line":39,"column":14},"end":{"line":43,"column":null}},"17":{"start":{"line":40,"column":16},"end":{"line":42,"column":null}},"18":{"start":{"line":41,"column":18},"end":{"line":41,"column":null}},"19":{"start":{"line":44,"column":19},"end":{"line":47,"column":null}},"20":{"start":{"line":45,"column":14},"end":{"line":45,"column":null}},"21":{"start":{"line":46,"column":14},"end":{"line":46,"column":null}},"22":{"start":{"line":48,"column":12},"end":{"line":50,"column":null}},"23":{"start":{"line":49,"column":14},"end":{"line":49,"column":null}}},"fnMap":{"0":{"name":"(anonymous_0)","decl":{"start":{"line":10,"column":71},"end":{"line":10,"column":72}},"loc":{"start":{"line":10,"column":106},"end":{"line":67,"column":null}},"line":10},"1":{"name":"(anonymous_1)","decl":{"start":{"line":14,"column":12},"end":{"line":14,"column":null}},"loc":{"start":{"line":14,"column":12},"end":{"line":16,"column":5}},"line":14},"2":{"name":"(anonymous_2)","decl":{"start":{"line":18,"column":21},"end":{"line":18,"column":null}},"loc":{"start":{"line":18,"column":21},"end":{"line":20,"column":null}},"line":18},"3":{"name":"(anonymous_3)","decl":{"start":{"line":30,"column":20},"end":{"line":30,"column":21}},"loc":{"start":{"line":30,"column":27},"end":{"line":30,"column":null}},"line":30},"4":{"name":"(anonymous_4)","decl":{"start":{"line":31,"column":21},"end":{"line":31,"column":22}},"loc":{"start":{"line":31,"column":22},"end":{"line":51,"column":null}},"line":31},"5":{"name":"(anonymous_5)","decl":{"start":{"line":39,"column":36},"end":{"line":39,"column":null}},"loc":{"start":{"line":39,"column":36},"end":{"line":43,"column":null}},"line":39}},"branchMap":{"0":{"loc":{"start":{"line":32,"column":12},"end":{"line":47,"column":null}},"type":"if","locations":[{"start":{"line":32,"column":12},"end":{"line":47,"column":null}},{"start":{"line":44,"column":19},"end":{"line":47,"column":null}}],"line":32},"1":{"loc":{"start":{"line":32,"column":16},"end":{"line":32,"column":46}},"type":"binary-expr","locations":[{"start":{"line":32,"column":16},"end":{"line":32,"column":37}},{"start":{"line":32,"column":37},"end":{"line":32,"column":46}}],"line":32},"2":{"loc":{"start":{"line":40,"column":16},"end":{"line":42,"column":null}},"type":"if","locations":[{"start":{"line":40,"column":16},"end":{"line":42,"column":null}},{"start":{},"end":{}}],"line":40},"3":{"loc":{"start":{"line":44,"column":19},"end":{"line":47,"column":null}},"type":"if","locations":[{"start":{"line":44,"column":19},"end":{"line":47,"column":null}},{"start":{},"end":{}}],"line":44},"4":{"loc":{"start":{"line":44,"column":23},"end":{"line":44,"column":55}},"type":"binary-expr","locations":[{"start":{"line":44,"column":23},"end":{"line":44,"column":44}},{"start":{"line":44,"column":44},"end":{"line":44,"column":55}}],"line":44},"5":{"loc":{"start":{"line":48,"column":12},"end":{"line":50,"column":null}},"type":"if","locations":[{"start":{"line":48,"column":12},"end":{"line":50,"column":null}},{"start":{},"end":{}}],"line":48}},"s":{"0":0,"1":0,"2":0,"3":0,"4":0,"5":0,"6":0,"7":0,"8":0,"9":0,"10":0,"11":0,"12":0,"13":0,"14":0,"15":0,"16":0,"17":0,"18":0,"19":0,"20":0,"21":0,"22":0,"23":0},"f":{"0":0,"1":0,"2":0,"3":0,"4":0,"5":0},"b":{"0":[0,0],"1":[0,0],"2":[0,0],"3":[0,0],"4":[0,0],"5":[0,0]},"meta":{"lastBranch":6,"lastFunction":6,"lastStatement":24,"seen":{"s:10:71:67:Infinity":0,"f:10:71:10:72":0,"s:11:8:11:Infinity":1,"s:12:33:12:Infinity":2,"s:14:2:16:Infinity":3,"f:14:12:14:Infinity":1,"s:15:4:15:Infinity":4,"s:18:21:20:Infinity":5,"f:18:21:18:Infinity":2,"s:19:4:19:Infinity":6,"s:22:2:61:Infinity":7,"f:30:20:30:21":3,"s:30:27:30:Infinity":8,"f:31:21:31:22":4,"b:32:12:47:Infinity:44:19:47:Infinity":0,"s:32:12:47:Infinity":9,"b:32:16:32:37:32:37:32:46":1,"s:33:14:33:Infinity":10,"s:34:29:34:37":11,"s:35:28:35:49":12,"s:36:26:36:45":13,"s:37:31:37:Infinity":14,"s:38:14:38:Infinity":15,"s:39:14:43:Infinity":16,"f:39:36:39:Infinity":5,"b:40:16:42:Infinity:undefined:undefined:undefined:undefined":2,"s:40:16:42:Infinity":17,"s:41:18:41:Infinity":18,"b:44:19:47:Infinity:undefined:undefined:undefined:undefined":3,"s:44:19:47:Infinity":19,"b:44:23:44:44:44:44:44:55":4,"s:45:14:45:Infinity":20,"s:46:14:46:Infinity":21,"b:48:12:50:Infinity:undefined:undefined:undefined:undefined":5,"s:48:12:50:Infinity":22,"s:49:14:49:Infinity":23}}}
,"D:\\Workspace\\mark_down\\mark-down\\src\\components\\MarkdownReader\\index.tsx": {"path":"D:\\Workspace\\mark_down\\mark-down\\src\\components\\MarkdownReader\\index.tsx","statementMap":{"0":{"start":{"line":37,"column":54},"end":{"line":345,"column":null}},"1":{"start":{"line":38,"column":8},"end":{"line":38,"column":null}},"2":{"start":{"line":39,"column":39},"end":{"line":39,"column":null}},"3":{"start":{"line":40,"column":43},"end":{"line":40,"column":null}},"4":{"start":{"line":41,"column":35},"end":{"line":41,"column":null}},"5":{"start":{"line":42,"column":43},"end":{"line":42,"column":null}},"6":{"start":{"line":44,"column":45},"end":{"line":44,"column":null}},"7":{"start":{"line":45,"column":43},"end":{"line":45,"column":null}},"8":{"start":{"line":46,"column":55},"end":{"line":46,"column":null}},"9":{"start":{"line":48,"column":39},"end":{"line":48,"column":null}},"10":{"start":{"line":49,"column":45},"end":{"line":49,"column":null}},"11":{"start":{"line":51,"column":58},"end":{"line":51,"column":null}},"12":{"start":{"line":52,"column":8},"end":{"line":52,"column":null}},"13":{"start":{"line":54,"column":17},"end":{"line":54,"column":null}},"14":{"start":{"line":54,"column":31},"end":{"line":54,"column":66}},"15":{"start":{"line":55,"column":8},"end":{"line":55,"column":null}},"16":{"start":{"line":57,"column":27},"end":{"line":67,"column":null}},"17":{"start":{"line":58,"column":4},"end":{"line":66,"column":null}},"18":{"start":{"line":59,"column":6},"end":{"line":61,"column":null}},"19":{"start":{"line":60,"column":8},"end":{"line":60,"column":null}},"20":{"start":{"line":63,"column":6},"end":{"line":65,"column":null}},"21":{"start":{"line":64,"column":8},"end":{"line":64,"column":null}},"22":{"start":{"line":69,"column":29},"end":{"line":71,"column":null}},"23":{"start":{"line":70,"column":4},"end":{"line":70,"column":null}},"24":{"start":{"line":73,"column":25},"end":{"line":78,"column":null}},"25":{"start":{"line":74,"column":4},"end":{"line":74,"column":null}},"26":{"start":{"line":75,"column":4},"end":{"line":77,"column":null}},"27":{"start":{"line":76,"column":6},"end":{"line":76,"column":null}},"28":{"start":{"line":80,"column":26},"end":{"line":87,"column":null}},"29":{"start":{"line":81,"column":4},"end":{"line":85,"column":null}},"30":{"start":{"line":82,"column":20},"end":{"line":82,"column":null}},"31":{"start":{"line":83,"column":6},"end":{"line":83,"column":null}},"32":{"start":{"line":84,"column":6},"end":{"line":84,"column":null}},"33":{"start":{"line":86,"column":4},"end":{"line":86,"column":null}},"34":{"start":{"line":89,"column":25},"end":{"line":93,"column":null}},"35":{"start":{"line":90,"column":4},"end":{"line":90,"column":null}},"36":{"start":{"line":91,"column":4},"end":{"line":91,"column":null}},"37":{"start":{"line":92,"column":4},"end":{"line":92,"column":null}},"38":{"start":{"line":95,"column":29},"end":{"line":97,"column":null}},"39":{"start":{"line":96,"column":4},"end":{"line":96,"column":null}},"40":{"start":{"line":99,"column":31},"end":{"line":115,"column":null}},"41":{"start":{"line":100,"column":4},"end":{"line":100,"column":null}},"42":{"start":{"line":101,"column":4},"end":{"line":114,"column":null}},"43":{"start":{"line":102,"column":20},"end":{"line":102,"column":null}},"44":{"start":{"line":103,"column":21},"end":{"line":103,"column":null}},"45":{"start":{"line":104,"column":6},"end":{"line":108,"column":null}},"46":{"start":{"line":105,"column":10},"end":{"line":105,"column":null}},"47":{"start":{"line":107,"column":10},"end":{"line":107,"column":null}},"48":{"start":{"line":109,"column":6},"end":{"line":109,"column":null}},"49":{"start":{"line":110,"column":25},"end":{"line":110,"column":70}},"50":{"start":{"line":111,"column":6},"end":{"line":113,"column":null}},"51":{"start":{"line":112,"column":8},"end":{"line":112,"column":null}},"52":{"start":{"line":117,"column":28},"end":{"line":126,"column":null}},"53":{"start":{"line":118,"column":4},"end":{"line":124,"column":null}},"54":{"start":{"line":119,"column":20},"end":{"line":119,"column":null}},"55":{"start":{"line":120,"column":6},"end":{"line":120,"column":null}},"56":{"start":{"line":121,"column":6},"end":{"line":121,"column":null}},"57":{"start":{"line":122,"column":6},"end":{"line":122,"column":null}},"58":{"start":{"line":123,"column":6},"end":{"line":123,"column":null}},"59":{"start":{"line":125,"column":4},"end":{"line":125,"column":null}},"60":{"start":{"line":128,"column":2},"end":{"line":136,"column":null}},"61":{"start":{"line":129,"column":35},"end":{"line":131,"column":null}},"62":{"start":{"line":130,"column":6},"end":{"line":130,"column":null}},"63":{"start":{"line":132,"column":4},"end":{"line":132,"column":null}},"64":{"start":{"line":133,"column":4},"end":{"line":135,"column":null}},"65":{"start":{"line":134,"column":6},"end":{"line":134,"column":null}},"66":{"start":{"line":138,"column":2},"end":{"line":165,"column":null}},"67":{"start":{"line":139,"column":4},"end":{"line":139,"column":null}},"68":{"start":{"line":139,"column":31},"end":{"line":139,"column":null}},"69":{"start":{"line":140,"column":20},"end":{"line":155,"column":null}},"70":{"start":{"line":141,"column":22},"end":{"line":141,"column":null}},"71":{"start":{"line":142,"column":6},"end":{"line":154,"column":null}},"72":{"start":{"line":143,"column":8},"end":{"line":143,"column":null}},"73":{"start":{"line":144,"column":8},"end":{"line":153,"column":null}},"74":{"start":{"line":145,"column":10},"end":{"line":152,"column":null}},"75":{"start":{"line":146,"column":12},"end":{"line":146,"column":null}},"76":{"start":{"line":147,"column":12},"end":{"line":147,"column":null}},"77":{"start":{"line":148,"column":12},"end":{"line":148,"column":null}},"78":{"start":{"line":150,"column":12},"end":{"line":150,"column":null}},"79":{"start":{"line":151,"column":12},"end":{"line":151,"column":null}},"80":{"start":{"line":156,"column":4},"end":{"line":156,"column":null}},"81":{"start":{"line":156,"column":17},"end":{"line":156,"column":null}},"82":{"start":{"line":167,"column":2},"end":{"line":339,"column":null}},"83":{"start":{"line":212,"column":8},"end":{"line":212,"column":null}},"84":{"start":{"line":212,"column":36},"end":{"line":212,"column":null}},"85":{"start":{"line":214,"column":33},"end":{"line":217,"column":null}},"86":{"start":{"line":216,"column":53},"end":{"line":216,"column":118}},"87":{"start":{"line":222,"column":8},"end":{"line":233,"column":null}},"88":{"start":{"line":223,"column":10},"end":{"line":224,"column":null}},"89":{"start":{"line":228,"column":40},"end":{"line":228,"column":null}},"90":{"start":{"line":229,"column":32},"end":{"line":229,"column":null}},"91":{"start":{"line":235,"column":8},"end":{"line":236,"column":null}},"92":{"start":{"line":240,"column":16},"end":{"line":242,"column":null}},"93":{"start":{"line":241,"column":18},"end":{"line":241,"column":null}},"94":{"start":{"line":275,"column":20},"end":{"line":275,"column":null}},"95":{"start":{"line":276,"column":20},"end":{"line":276,"column":null}},"96":{"start":{"line":282,"column":79},"end":{"line":282,"column":100}},"97":{"start":{"line":282,"column":100},"end":{"line":282,"column":126}},"98":{"start":{"line":285,"column":65},"end":{"line":285,"column":86}},"99":{"start":{"line":285,"column":86},"end":{"line":285,"column":117}},"100":{"start":{"line":312,"column":38},"end":{"line":312,"column":92}},"101":{"start":{"line":320,"column":77},"end":{"line":320,"column":100}},"102":{"start":{"line":335,"column":23},"end":{"line":335,"column":null}},"103":{"start":{"line":338,"column":66},"end":{"line":338,"column":null}}},"fnMap":{"0":{"name":"(anonymous_0)","decl":{"start":{"line":37,"column":54},"end":{"line":37,"column":55}},"loc":{"start":{"line":37,"column":83},"end":{"line":345,"column":null}},"line":37},"1":{"name":"(anonymous_1)","decl":{"start":{"line":54,"column":31},"end":{"line":54,"column":37}},"loc":{"start":{"line":54,"column":31},"end":{"line":54,"column":66}},"line":54},"2":{"name":"(anonymous_2)","decl":{"start":{"line":57,"column":27},"end":{"line":57,"column":null}},"loc":{"start":{"line":57,"column":27},"end":{"line":67,"column":null}},"line":57},"3":{"name":"(anonymous_3)","decl":{"start":{"line":59,"column":54},"end":{"line":59,"column":55}},"loc":{"start":{"line":59,"column":55},"end":{"line":61,"column":null}},"line":59},"4":{"name":"(anonymous_4)","decl":{"start":{"line":69,"column":29},"end":{"line":69,"column":null}},"loc":{"start":{"line":69,"column":29},"end":{"line":71,"column":null}},"line":69},"5":{"name":"(anonymous_5)","decl":{"start":{"line":73,"column":25},"end":{"line":73,"column":null}},"loc":{"start":{"line":73,"column":25},"end":{"line":78,"column":null}},"line":73},"6":{"name":"(anonymous_6)","decl":{"start":{"line":80,"column":26},"end":{"line":80,"column":27}},"loc":{"start":{"line":80,"column":49},"end":{"line":87,"column":null}},"line":80},"7":{"name":"(anonymous_7)","decl":{"start":{"line":89,"column":25},"end":{"line":89,"column":26}},"loc":{"start":{"line":89,"column":70},"end":{"line":93,"column":null}},"line":89},"8":{"name":"(anonymous_8)","decl":{"start":{"line":95,"column":29},"end":{"line":95,"column":null}},"loc":{"start":{"line":95,"column":29},"end":{"line":97,"column":null}},"line":95},"9":{"name":"(anonymous_9)","decl":{"start":{"line":99,"column":31},"end":{"line":99,"column":32}},"loc":{"start":{"line":99,"column":32},"end":{"line":115,"column":null}},"line":99},"10":{"name":"(anonymous_10)","decl":{"start":{"line":111,"column":17},"end":{"line":111,"column":null}},"loc":{"start":{"line":111,"column":17},"end":{"line":113,"column":9}},"line":111},"11":{"name":"(anonymous_11)","decl":{"start":{"line":117,"column":28},"end":{"line":117,"column":29}},"loc":{"start":{"line":117,"column":29},"end":{"line":126,"column":null}},"line":117},"12":{"name":"(anonymous_12)","decl":{"start":{"line":128,"column":12},"end":{"line":128,"column":null}},"loc":{"start":{"line":128,"column":12},"end":{"line":136,"column":5}},"line":128},"13":{"name":"(anonymous_13)","decl":{"start":{"line":129,"column":35},"end":{"line":129,"column":null}},"loc":{"start":{"line":129,"column":35},"end":{"line":131,"column":null}},"line":129},"14":{"name":"(anonymous_14)","decl":{"start":{"line":133,"column":11},"end":{"line":133,"column":null}},"loc":{"start":{"line":133,"column":11},"end":{"line":135,"column":null}},"line":133},"15":{"name":"(anonymous_15)","decl":{"start":{"line":138,"column":12},"end":{"line":138,"column":null}},"loc":{"start":{"line":138,"column":12},"end":{"line":157,"column":5}},"line":138},"16":{"name":"(anonymous_16)","decl":{"start":{"line":140,"column":31},"end":{"line":140,"column":null}},"loc":{"start":{"line":140,"column":31},"end":{"line":155,"column":7}},"line":140},"17":{"name":"(anonymous_17)","decl":{"start":{"line":144,"column":24},"end":{"line":144,"column":25}},"loc":{"start":{"line":144,"column":32},"end":{"line":153,"column":null}},"line":144},"18":{"name":"(anonymous_18)","decl":{"start":{"line":156,"column":11},"end":{"line":156,"column":17}},"loc":{"start":{"line":156,"column":17},"end":{"line":156,"column":null}},"line":156},"19":{"name":"(anonymous_19)","decl":{"start":{"line":211,"column":18},"end":{"line":211,"column":19}},"loc":{"start":{"line":211,"column":26},"end":{"line":308,"column":null}},"line":211},"20":{"name":"(anonymous_20)","decl":{"start":{"line":216,"column":46},"end":{"line":216,"column":47}},"loc":{"start":{"line":216,"column":53},"end":{"line":216,"column":118}},"line":216},"21":{"name":"(anonymous_21)","decl":{"start":{"line":228,"column":24},"end":{"line":228,"column":25}},"loc":{"start":{"line":228,"column":40},"end":{"line":228,"column":null}},"line":228},"22":{"name":"(anonymous_22)","decl":{"start":{"line":229,"column":26},"end":{"line":229,"column":32}},"loc":{"start":{"line":229,"column":32},"end":{"line":229,"column":null}},"line":229},"23":{"name":"(anonymous_23)","decl":{"start":{"line":239,"column":23},"end":{"line":239,"column":null}},"loc":{"start":{"line":239,"column":23},"end":{"line":243,"column":null}},"line":239},"24":{"name":"(anonymous_24)","decl":{"start":{"line":274,"column":27},"end":{"line":274,"column":28}},"loc":{"start":{"line":274,"column":28},"end":{"line":277,"column":null}},"line":274},"25":{"name":"(anonymous_25)","decl":{"start":{"line":282,"column":70},"end":{"line":282,"column":71}},"loc":{"start":{"line":282,"column":71},"end":{"line":282,"column":null}},"line":282},"26":{"name":"(anonymous_26)","decl":{"start":{"line":285,"column":56},"end":{"line":285,"column":57}},"loc":{"start":{"line":285,"column":57},"end":{"line":285,"column":null}},"line":285},"27":{"name":"(anonymous_27)","decl":{"start":{"line":312,"column":31},"end":{"line":312,"column":32}},"loc":{"start":{"line":312,"column":38},"end":{"line":312,"column":92}},"line":312},"28":{"name":"(anonymous_28)","decl":{"start":{"line":320,"column":70},"end":{"line":320,"column":71}},"loc":{"start":{"line":320,"column":77},"end":{"line":320,"column":100}},"line":320},"29":{"name":"(anonymous_29)","decl":{"start":{"line":335,"column":17},"end":{"line":335,"column":23}},"loc":{"start":{"line":335,"column":23},"end":{"line":335,"column":null}},"line":335},"30":{"name":"(anonymous_30)","decl":{"start":{"line":338,"column":60},"end":{"line":338,"column":66}},"loc":{"start":{"line":338,"column":66},"end":{"line":338,"column":null}},"line":338}},"branchMap":{"0":{"loc":{"start":{"line":58,"column":4},"end":{"line":66,"column":null}},"type":"if","locations":[{"start":{"line":58,"column":4},"end":{"line":66,"column":null}},{"start":{"line":62,"column":11},"end":{"line":66,"column":null}}],"line":58},"1":{"loc":{"start":{"line":63,"column":6},"end":{"line":65,"column":null}},"type":"if","locations":[{"start":{"line":63,"column":6},"end":{"line":65,"column":null}},{"start":{},"end":{}}],"line":63},"2":{"loc":{"start":{"line":75,"column":4},"end":{"line":77,"column":null}},"type":"if","locations":[{"start":{"line":75,"column":4},"end":{"line":77,"column":null}},{"start":{},"end":{}}],"line":75},"3":{"loc":{"start":{"line":81,"column":4},"end":{"line":85,"column":null}},"type":"if","locations":[{"start":{"line":81,"column":4},"end":{"line":85,"column":null}},{"start":{},"end":{}}],"line":81},"4":{"loc":{"start":{"line":81,"column":8},"end":{"line":81,"column":60}},"type":"binary-expr","locations":[{"start":{"line":81,"column":8},"end":{"line":81,"column":39}},{"start":{"line":81,"column":43},"end":{"line":81,"column":60}}],"line":81},"5":{"loc":{"start":{"line":101,"column":4},"end":{"line":114,"column":null}},"type":"if","locations":[{"start":{"line":101,"column":4},"end":{"line":114,"column":null}},{"start":{},"end":{}}],"line":101},"6":{"loc":{"start":{"line":104,"column":6},"end":{"line":108,"column":null}},"type":"if","locations":[{"start":{"line":104,"column":6},"end":{"line":108,"column":null}},{"start":{"line":106,"column":13},"end":{"line":108,"column":null}}],"line":104},"7":{"loc":{"start":{"line":110,"column":34},"end":{"line":110,"column":70}},"type":"cond-expr","locations":[{"start":{"line":110,"column":52},"end":{"line":110,"column":56}},{"start":{"line":110,"column":56},"end":{"line":110,"column":70}}],"line":110},"8":{"loc":{"start":{"line":118,"column":4},"end":{"line":124,"column":null}},"type":"if","locations":[{"start":{"line":118,"column":4},"end":{"line":124,"column":null}},{"start":{},"end":{}}],"line":118},"9":{"loc":{"start":{"line":139,"column":4},"end":{"line":139,"column":null}},"type":"if","locations":[{"start":{"line":139,"column":4},"end":{"line":139,"column":null}},{"start":{},"end":{}}],"line":139},"10":{"loc":{"start":{"line":142,"column":6},"end":{"line":154,"column":null}},"type":"if","locations":[{"start":{"line":142,"column":6},"end":{"line":154,"column":null}},{"start":{},"end":{}}],"line":142},"11":{"loc":{"start":{"line":145,"column":10},"end":{"line":152,"column":null}},"type":"if","locations":[{"start":{"line":145,"column":10},"end":{"line":152,"column":null}},{"start":{"line":149,"column":17},"end":{"line":152,"column":null}}],"line":145},"12":{"loc":{"start":{"line":174,"column":22},"end":{"line":174,"column":null}},"type":"cond-expr","locations":[{"start":{"line":174,"column":37},"end":{"line":174,"column":41}},{"start":{"line":174,"column":41},"end":{"line":174,"column":null}}],"line":174},"13":{"loc":{"start":{"line":179,"column":18},"end":{"line":179,"column":null}},"type":"cond-expr","locations":[{"start":{"line":179,"column":33},"end":{"line":179,"column":42}},{"start":{"line":179,"column":42},"end":{"line":179,"column":null}}],"line":179},"14":{"loc":{"start":{"line":193,"column":24},"end":{"line":193,"column":null}},"type":"cond-expr","locations":[{"start":{"line":193,"column":37},"end":{"line":193,"column":59}},{"start":{"line":193,"column":59},"end":{"line":193,"column":null}}],"line":193},"15":{"loc":{"start":{"line":194,"column":54},"end":{"line":194,"column":null}},"type":"cond-expr","locations":[{"start":{"line":194,"column":67},"end":{"line":194,"column":79}},{"start":{"line":194,"column":79},"end":{"line":194,"column":null}}],"line":194},"16":{"loc":{"start":{"line":198,"column":24},"end":{"line":198,"column":null}},"type":"cond-expr","locations":[{"start":{"line":198,"column":41},"end":{"line":198,"column":67}},{"start":{"line":198,"column":67},"end":{"line":198,"column":null}}],"line":198},"17":{"loc":{"start":{"line":199,"column":58},"end":{"line":199,"column":null}},"type":"cond-expr","locations":[{"start":{"line":199,"column":75},"end":{"line":199,"column":87}},{"start":{"line":199,"column":87},"end":{"line":199,"column":null}}],"line":199},"18":{"loc":{"start":{"line":203,"column":24},"end":{"line":203,"column":null}},"type":"cond-expr","locations":[{"start":{"line":203,"column":39},"end":{"line":203,"column":59}},{"start":{"line":203,"column":59},"end":{"line":203,"column":null}}],"line":203},"19":{"loc":{"start":{"line":205,"column":13},"end":{"line":205,"column":null}},"type":"cond-expr","locations":[{"start":{"line":205,"column":13},"end":{"line":205,"column":54}},{"start":{"line":205,"column":53},"end":{"line":205,"column":null}}],"line":205},"20":{"loc":{"start":{"line":212,"column":8},"end":{"line":212,"column":null}},"type":"if","locations":[{"start":{"line":212,"column":8},"end":{"line":212,"column":null}},{"start":{},"end":{}}],"line":212},"21":{"loc":{"start":{"line":214,"column":33},"end":{"line":217,"column":null}},"type":"binary-expr","locations":[{"start":{"line":214,"column":33},"end":{"line":214,"column":null}},{"start":{"line":214,"column":33},"end":{"line":217,"column":null}}],"line":214},"22":{"loc":{"start":{"line":216,"column":71},"end":{"line":216,"column":115}},"type":"cond-expr","locations":[{"start":{"line":216,"column":85},"end":{"line":216,"column":90}},{"start":{"line":216,"column":90},"end":{"line":216,"column":115}}],"line":216},"23":{"loc":{"start":{"line":222,"column":8},"end":{"line":233,"column":null}},"type":"if","locations":[{"start":{"line":222,"column":8},"end":{"line":233,"column":null}},{"start":{},"end":{}}],"line":222},"24":{"loc":{"start":{"line":222,"column":12},"end":{"line":222,"column":53}},"type":"binary-expr","locations":[{"start":{"line":222,"column":12},"end":{"line":222,"column":26}},{"start":{"line":222,"column":26},"end":{"line":222,"column":53}}],"line":222},"25":{"loc":{"start":{"line":240,"column":16},"end":{"line":242,"column":null}},"type":"if","locations":[{"start":{"line":240,"column":16},"end":{"line":242,"column":null}},{"start":{},"end":{}}],"line":240},"26":{"loc":{"start":{"line":246,"column":20},"end":{"line":258,"column":null}},"type":"binary-expr","locations":[{"start":{"line":246,"column":20},"end":{"line":246,"column":34}},{"start":{"line":246,"column":34},"end":{"line":258,"column":null}}],"line":246},"27":{"loc":{"start":{"line":261,"column":15},"end":{"line":292,"column":null}},"type":"binary-expr","locations":[{"start":{"line":261,"column":15},"end":{"line":261,"column":null}},{"start":{"line":261,"column":15},"end":{"line":292,"column":null}}],"line":261},"28":{"loc":{"start":{"line":279,"column":19},"end":{"line":292,"column":null}},"type":"cond-expr","locations":[{"start":{"line":279,"column":52},"end":{"line":290,"column":21}},{"start":{"line":290,"column":20},"end":{"line":292,"column":null}}],"line":279},"29":{"loc":{"start":{"line":310,"column":7},"end":{"line":313,"column":null}},"type":"binary-expr","locations":[{"start":{"line":310,"column":7},"end":{"line":310,"column":21}},{"start":{"line":310,"column":21},"end":{"line":310,"column":null}},{"start":{"line":310,"column":37},"end":{"line":313,"column":null}}],"line":310},"30":{"loc":{"start":{"line":318,"column":7},"end":{"line":320,"column":null}},"type":"binary-expr","locations":[{"start":{"line":318,"column":7},"end":{"line":318,"column":21}},{"start":{"line":318,"column":21},"end":{"line":318,"column":null}},{"start":{"line":318,"column":39},"end":{"line":320,"column":null}}],"line":318}},"s":{"0":0,"1":0,"2":0,"3":0,"4":0,"5":0,"6":0,"7":0,"8":0,"9":0,"10":0,"11":0,"12":0,"13":0,"14":0,"15":0,"16":0,"17":0,"18":0,"19":0,"20":0,"21":0,"22":0,"23":0,"24":0,"25":0,"26":0,"27":0,"28":0,"29":0,"30":0,"31":0,"32":0,"33":0,"34":0,"35":0,"36":0,"37":0,"38":0,"39":0,"40":0,"41":0,"42":0,"43":0,"44":0,"45":0,"46":0,"47":0,"48":0,"49":0,"50":0,"51":0,"52":0,"53":0,"54":0,"55":0,"56":0,"57":0,"58":0,"59":0,"60":0,"61":0,"62":0,"63":0,"64":0,"65":0,"66":0,"67":0,"68":0,"69":0,"70":0,"71":0,"72":0,"73":0,"74":0,"75":0,"76":0,"77":0,"78":0,"79":0,"80":0,"81":0,"82":0,"83":0,"84":0,"85":0,"86":0,"87":0,"88":0,"89":0,"90":0,"91":0,"92":0,"93":0,"94":0,"95":0,"96":0,"97":0,"98":0,"99":0,"100":0,"101":0,"102":0,"103":0},"f":{"0":0,"1":0,"2":0,"3":0,"4":0,"5":0,"6":0,"7":0,"8":0,"9":0,"10":0,"11":0,"12":0,"13":0,"14":0,"15":0,"16":0,"17":0,"18":0,"19":0,"20":0,"21":0,"22":0,"23":0,"24":0,"25":0,"26":0,"27":0,"28":0,"29":0,"30":0},"b":{"0":[0,0],"1":[0,0],"2":[0,0],"3":[0,0],"4":[0,0],"5":[0,0],"6":[0,0],"7":[0,0],"8":[0,0],"9":[0,0],"10":[0,0],"11":[0,0],"12":[0,0],"13":[0,0],"14":[0,0],"15":[0,0],"16":[0,0],"17":[0,0],"18":[0,0],"19":[0,0],"20":[0,0],"21":[0,0],"22":[0,0],"23":[0,0],"24":[0,0],"25":[0,0],"26":[0,0],"27":[0,0],"28":[0,0],"29":[0,0,0],"30":[0,0,0]},"meta":{"lastBranch":31,"lastFunction":31,"lastStatement":104,"seen":{"s:37:54:345:Infinity":0,"f:37:54:37:55":0,"s:38:8:38:Infinity":1,"s:39:39:39:Infinity":2,"s:40:43:40:Infinity":3,"s:41:35:41:Infinity":4,"s:42:43:42:Infinity":5,"s:44:45:44:Infinity":6,"s:45:43:45:Infinity":7,"s:46:55:46:Infinity":8,"s:48:39:48:Infinity":9,"s:49:45:49:Infinity":10,"s:51:58:51:Infinity":11,"s:52:8:52:Infinity":12,"s:54:17:54:Infinity":13,"f:54:31:54:37":1,"s:54:31:54:66":14,"s:55:8:55:Infinity":15,"s:57:27:67:Infinity":16,"f:57:27:57:Infinity":2,"b:58:4:66:Infinity:62:11:66:Infinity":0,"s:58:4:66:Infinity":17,"s:59:6:61:Infinity":18,"f:59:54:59:55":3,"s:60:8:60:Infinity":19,"b:63:6:65:Infinity:undefined:undefined:undefined:undefined":1,"s:63:6:65:Infinity":20,"s:64:8:64:Infinity":21,"s:69:29:71:Infinity":22,"f:69:29:69:Infinity":4,"s:70:4:70:Infinity":23,"s:73:25:78:Infinity":24,"f:73:25:73:Infinity":5,"s:74:4:74:Infinity":25,"b:75:4:77:Infinity:undefined:undefined:undefined:undefined":2,"s:75:4:77:Infinity":26,"s:76:6:76:Infinity":27,"s:80:26:87:Infinity":28,"f:80:26:80:27":6,"b:81:4:85:Infinity:undefined:undefined:undefined
[...]
,"D:\\Workspace\\mark_down\\mark-down\\src\\context\\ThemeContextProvider.tsx": {"path":"D:\\Workspace\\mark_down\\mark-down\\src\\context\\ThemeContextProvider.tsx","statementMap":{"0":{"start":{"line":6,"column":22},"end":{"line":6,"column":null}},"1":{"start":{"line":8,"column":29},"end":{"line":25,"column":null}},"2":{"start":{"line":9,"column":20},"end":{"line":9,"column":null}},"3":{"start":{"line":10,"column":18},"end":{"line":10,"column":null}},"4":{"start":{"line":12,"column":2},"end":{"line":18,"column":null}},"5":{"start":{"line":13,"column":20},"end":{"line":13,"column":null}},"6":{"start":{"line":14,"column":4},"end":{"line":17,"column":null}},"7":{"start":{"line":16,"column":6},"end":{"line":16,"column":null}},"8":{"start":{"line":21,"column":8},"end":{"line":21,"column":null}},"9":{"start":{"line":22,"column":2},"end":{"line":22,"column":null}},"10":{"start":{"line":23,"column":2},"end":{"line":23,"column":null}},"11":{"start":{"line":24,"column":2},"end":{"line":24,"column":null}},"12":{"start":{"line":27,"column":71},"end":{"line":59,"column":null}},"13":{"start":{"line":30,"column":8},"end":{"line":30,"column":null}},"14":{"start":{"line":32,"column":23},"end":{"line":39,"column":null}},"15":{"start":{"line":33,"column":18},"end":{"line":33,"column":null}},"16":{"start":{"line":34,"column":4},"end":{"line":38,"column":null}},"17":{"start":{"line":41,"column":21},"end":{"line":41,"column":null}},"18":{"start":{"line":41,"column":47},"end":{"line":41,"column":null}},"19":{"start":{"line":44,"column":2},"end":{"line":44,"column":null}},"20":{"start":{"line":46,"column":2},"end":{"line":48,"column":null}},"21":{"start":{"line":47,"column":4},"end":{"line":47,"column":null}},"22":{"start":{"line":50,"column":22},"end":{"line":52,"column":null}},"23":{"start":{"line":51,"column":4},"end":{"line":51,"column":null}},"24":{"start":{"line":51,"column":23},"end":{"line":51,"column":null}},"25":{"start":{"line":54,"column":2},"end":{"line":56,"column":null}}},"fnMap":{"0":{"name":"(anonymous_0)","decl":{"start":{"line":8,"column":29},"end":{"line":8,"column":null}},"loc":{"start":{"line":8,"column":29},"end":{"line":25,"column":null}},"line":8},"1":{"name":"(anonymous_1)","decl":{"start":{"line":27,"column":71},"end":{"line":27,"column":72}},"loc":{"start":{"line":29,"column":1},"end":{"line":59,"column":null}},"line":29},"2":{"name":"(anonymous_2)","decl":{"start":{"line":32,"column":53},"end":{"line":32,"column":null}},"loc":{"start":{"line":32,"column":53},"end":{"line":39,"column":null}},"line":32},"3":{"name":"(anonymous_3)","decl":{"start":{"line":41,"column":41},"end":{"line":41,"column":47}},"loc":{"start":{"line":41,"column":47},"end":{"line":41,"column":null}},"line":41},"4":{"name":"(anonymous_4)","decl":{"start":{"line":46,"column":12},"end":{"line":46,"column":null}},"loc":{"start":{"line":46,"column":12},"end":{"line":48,"column":5}},"line":46},"5":{"name":"(anonymous_5)","decl":{"start":{"line":50,"column":22},"end":{"line":50,"column":null}},"loc":{"start":{"line":50,"column":22},"end":{"line":52,"column":null}},"line":50},"6":{"name":"(anonymous_6)","decl":{"start":{"line":51,"column":12},"end":{"line":51,"column":13}},"loc":{"start":{"line":51,"column":23},"end":{"line":51,"column":null}},"line":51}},"branchMap":{"0":{"loc":{"start":{"line":12,"column":2},"end":{"line":18,"column":null}},"type":"if","locations":[{"start":{"line":12,"column":2},"end":{"line":18,"column":null}},{"start":{},"end":{}}],"line":12},"1":{"loc":{"start":{"line":12,"column":6},"end":{"line":12,"column":28}},"type":"binary-expr","locations":[{"start":{"line":12,"column":6},"end":{"line":12,"column":19}},{"start":{"line":12,"column":19},"end":{"line":12,"column":28}}],"line":12},"2":{"loc":{"start":{"line":14,"column":4},"end":{"line":17,"column":null}},"type":"if","locations":[{"start":{"line":14,"column":4},"end":{"line":17,"column":null}},{"start":{},"end":{}}],"line":14},"3":{"loc":{"start":{"line":34,"column":11},"end":{"line":38,"column":null}},"type":"cond-expr","locations":[{"start":{"line":35,"column":8},"end":{"line":35,"column":null}},{"start":{"line":36,"column":8},"end":{"line":38,"column":null}}],"line":34},"4":{"loc":{"start":{"line":34,"column":11},"end":{"line":34,"column":null}},"type":"binary-expr","locations":[{"start":{"line":34,"column":11},"end":{"line":34,"column":32}},{"start":{"line":34,"column":32},"end":{"line":34,"column":null}}],"line":34},"5":{"loc":{"start":{"line":36,"column":8},"end":{"line":38,"column":null}},"type":"cond-expr","locations":[{"start":{"line":37,"column":10},"end":{"line":37,"column":null}},{"start":{"line":38,"column":10},"end":{"line":38,"column":null}}],"line":36},"6":{"loc":{"start":{"line":51,"column":23},"end":{"line":51,"column":null}},"type":"cond-expr","locations":[{"start":{"line":51,"column":42},"end":{"line":51,"column":51}},{"start":{"line":51,"column":51},"end":{"line":51,"column":null}}],"line":51}},"s":{"0":0,"1":0,"2":0,"3":0,"4":0,"5":0,"6":0,"7":0,"8":0,"9":0,"10":0,"11":0,"12":0,"13":0,"14":0,"15":0,"16":0,"17":0,"18":0,"19":0,"20":0,"21":0,"22":0,"23":0,"24":0,"25":0},"f":{"0":0,"1":0,"2":0,"3":0,"4":0,"5":0,"6":0},"b":{"0":[0,0],"1":[0,0],"2":[0,0],"3":[0,0],"4":[0,0],"5":[0,0],"6":[0,0]},"meta":{"lastBranch":7,"lastFunction":7,"lastStatement":26,"seen":{"s:6:22:6:Infinity":0,"s:8:29:25:Infinity":1,"f:8:29:8:Infinity":0,"s:9:20:9:Infinity":2,"s:10:18:10:Infinity":3,"b:12:2:18:Infinity:undefined:undefined:undefined:undefined":0,"s:12:2:18:Infinity":4,"b:12:6:12:19:12:19:12:28":1,"s:13:20:13:Infinity":5,"b:14:4:17:Infinity:undefined:undefined:undefined:undefined":2,"s:14:4:17:Infinity":6,"s:16:6:16:Infinity":7,"s:21:8:21:Infinity":8,"s:22:2:22:Infinity":9,"s:23:2:23:Infinity":10,"s:24:2:24:Infinity":11,"s:27:71:59:Infinity":12,"f:27:71:27:72":1,"s:30:8:30:Infinity":13,"s:32:23:39:Infinity":14,"f:32:53:32:Infinity":2,"s:33:18:33:Infinity":15,"s:34:4:38:Infinity":16,"b:35:8:35:Infinity:36:8:38:Infinity":3,"b:34:11:34:32:34:32:34:Infinity":4,"b:37:10:37:Infinity:38:10:38:Infinity":5,"s:41:21:41:Infinity":17,"f:41:41:41:47":3,"s:41:47:41:Infinity":18,"s:44:2:44:Infinity":19,"s:46:2:48:Infinity":20,"f:46:12:46:Infinity":4,"s:47:4:47:Infinity":21,"s:50:22:52:Infinity":22,"f:50:22:50:Infinity":5,"s:51:4:51:Infinity":23,"f:51:12:51:13":6,"s:51:23:51:Infinity":24,"b:51:42:51:51:51:51:51:Infinity":6,"s:54:2:56:Infinity":25}}}
,"D:\\Workspace\\mark_down\\mark-down\\src\\hooks\\useFileActions.ts": {"path":"D:\\Workspace\\mark_down\\mark-down\\src\\hooks\\useFileActions.ts","statementMap":{"0":{"start":{"line":3,"column":30},"end":{"line":50,"column":null}},"1":{"start":{"line":4,"column":52},"end":{"line":4,"column":null}},"2":{"start":{"line":6,"column":29},"end":{"line":28,"column":null}},"3":{"start":{"line":7,"column":8},"end":{"line":27,"column":null}},"4":{"start":{"line":9,"column":30},"end":{"line":9,"column":null}},"5":{"start":{"line":10,"column":45},"end":{"line":10,"column":47}},"6":{"start":{"line":12,"column":12},"end":{"line":23,"column":null}},"7":{"start":{"line":13,"column":16},"end":{"line":22,"column":null}},"8":{"start":{"line":14,"column":33},"end":{"line":14,"column":null}},"9":{"start":{"line":15,"column":33},"end":{"line":15,"column":null}},"10":{"start":{"line":16,"column":20},"end":{"line":21,"column":null}},"11":{"start":{"line":24,"column":12},"end":{"line":24,"column":null}},"12":{"start":{"line":26,"column":12},"end":{"line":26,"column":null}},"13":{"start":{"line":30,"column":31},"end":{"line":47,"column":null}},"14":{"start":{"line":31,"column":22},"end":{"line":31,"column":null}},"15":{"start":{"line":32,"column":8},"end":{"line":32,"column":null}},"16":{"start":{"line":33,"column":8},"end":{"line":33,"column":null}},"17":{"start":{"line":34,"column":8},"end":{"line":45,"column":null}},"18":{"start":{"line":35,"column":27},"end":{"line":35,"column":35}},"19":{"start":{"line":36,"column":25},"end":{"line":36,"column":42}},"20":{"start":{"line":37,"column":12},"end":{"line":44,"column":null}},"21":{"start":{"line":38,"column":29},"end":{"line":38,"column":null}},"22":{"start":{"line":39,"column":16},"end":{"line":43,"column":null}},"23":{"start":{"line":46,"column":8},"end":{"line":46,"column":null}},"24":{"start":{"line":49,"column":4},"end":{"line":49,"column":null}}},"fnMap":{"0":{"name":"(anonymous_0)","decl":{"start":{"line":3,"column":30},"end":{"line":3,"column":null}},"loc":{"start":{"line":3,"column":30},"end":{"line":50,"column":null}},"line":3},"1":{"name":"(anonymous_1)","decl":{"start":{"line":6,"column":29},"end":{"line":6,"column":null}},"loc":{"start":{"line":6,"column":29},"end":{"line":28,"column":null}},"line":6},"2":{"name":"(anonymous_2)","decl":{"start":{"line":30,"column":31},"end":{"line":30,"column":null}},"loc":{"start":{"line":30,"column":31},"end":{"line":47,"column":null}},"line":30},"3":{"name":"(anonymous_3)","decl":{"start":{"line":34,"column":25},"end":{"line":34,"column":32}},"loc":{"start":{"line":34,"column":32},"end":{"line":45,"column":null}},"line":34}},"branchMap":{"0":{"loc":{"start":{"line":13,"column":16},"end":{"line":22,"column":null}},"type":"if","locations":[{"start":{"line":13,"column":16},"end":{"line":22,"column":null}},{"start":{},"end":{}}],"line":13},"1":{"loc":{"start":{"line":13,"column":20},"end":{"line":13,"column":73}},"type":"binary-expr","locations":[{"start":{"line":13,"column":20},"end":{"line":13,"column":45}},{"start":{"line":13,"column":45},"end":{"line":13,"column":73}}],"line":13},"2":{"loc":{"start":{"line":37,"column":12},"end":{"line":44,"column":null}},"type":"if","locations":[{"start":{"line":37,"column":12},"end":{"line":44,"column":null}},{"start":{},"end":{}}],"line":37}},"s":{"0":0,"1":0,"2":0,"3":0,"4":0,"5":0,"6":0,"7":0,"8":0,"9":0,"10":0,"11":0,"12":0,"13":0,"14":0,"15":0,"16":0,"17":0,"18":0,"19":0,"20":0,"21":0,"22":0,"23":0,"24":0},"f":{"0":0,"1":0,"2":0,"3":0},"b":{"0":[0,0],"1":[0,0],"2":[0,0]},"meta":{"lastBranch":3,"lastFunction":4,"lastStatement":25,"seen":{"s:3:30:50:Infinity":0,"f:3:30:3:Infinity":0,"s:4:52:4:Infinity":1,"s:6:29:28:Infinity":2,"f:6:29:6:Infinity":1,"s:7:8:27:Infinity":3,"s:9:30:9:Infinity":4,"s:10:45:10:47":5,"s:12:12:23:Infinity":6,"b:13:16:22:Infinity:undefined:undefined:undefined:undefined":0,"s:13:16:22:Infinity":7,"b:13:20:13:45:13:45:13:73":1,"s:14:33:14:Infinity":8,"s:15:33:15:Infinity":9,"s:16:20:21:Infinity":10,"s:24:12:24:Infinity":11,"s:26:12:26:Infinity":12,"s:30:31:47:Infinity":13,"f:30:31:30:Infinity":2,"s:31:22:31:Infinity":14,"s:32:8:32:Infinity":15,"s:33:8:33:Infinity":16,"s:34:8:45:Infinity":17,"f:34:25:34:32":3,"s:35:27:35:35":18,"s:36:25:36:42":19,"b:37:12:44:Infinity:undefined:undefined:undefined:undefined":2,"s:37:12:44:Infinity":20,"s:38:29:38:Infinity":21,"s:39:16:43:Infinity":22,"s:46:8:46:Infinity":23,"s:49:4:49:Infinity":24}}}
,"D:\\Workspace\\mark_down\\mark-down\\src\\hooks\\usePWAInstall.ts": {"path":"D:\\Workspace\\mark_down\\mark-down\\src\\hooks\\usePWAInstall.ts","statementMap":{},"fnMap":{},"branchMap":{},"s":{},"f":{},"b":{},"meta":{"lastBranch":0,"lastFunction":0,"lastStatement":0,"seen":{}}}
,"D:\\Workspace\\mark_down\\mark-down\\src\\theme\\palette.ts": {"path":"D:\\Workspace\\mark_down\\mark-down\\src\\theme\\palette.ts","statementMap":{"0":{"start":{"line":64,"column":32},"end":{"line":72,"column":null}},"1":{"start":{"line":74,"column":31},"end":{"line":82,"column":null}},"2":{"start":{"line":86,"column":30},"end":{"line":94,"column":null}},"3":{"start":{"line":96,"column":29},"end":{"line":104,"column":null}},"4":{"start":{"line":108,"column":31},"end":{"line":116,"column":null}},"5":{"start":{"line":118,"column":30},"end":{"line":126,"column":null}},"6":{"start":{"line":130,"column":34},"end":{"line":138,"column":null}},"7":{"start":{"line":140,"column":33},"end":{"line":148,"column":null}},"8":{"start":{"line":152,"column":29},"end":{"line":160,"column":null}},"9":{"start":{"line":162,"column":28},"end":{"line":170,"column":null}},"10":{"start":{"line":174,"column":40},"end":{"line":180,"column":null}},"11":{"start":{"line":182,"column":32},"end":{"line":183,"column":54}},"12":{"start":{"line":183,"column":4},"end":{"line":183,"column":54}},"13":{"start":{"line":183,"column":23},"end":{"line":183,"column":43}},"14":{"start":{"line":185,"column":32},"end":{"line":186,"column":57}},"15":{"start":{"line":186,"column":4},"end":{"line":186,"column":57}}},"fnMap":{"0":{"name":"(anonymous_0)","decl":{"start":{"line":182,"column":32},"end":{"line":182,"column":33}},"loc":{"start":{"line":183,"column":4},"end":{"line":183,"column":54}},"line":183},"1":{"name":"(anonymous_1)","decl":{"start":{"line":183,"column":18},"end":{"line":183,"column":23}},"loc":{"start":{"line":183,"column":23},"end":{"line":183,"column":43}},"line":183},"2":{"name":"(anonymous_2)","decl":{"start":{"line":185,"column":32},"end":{"line":185,"column":null}},"loc":{"start":{"line":186,"column":4},"end":{"line":186,"column":57}},"line":186}},"branchMap":{"0":{"loc":{"start":{"line":183,"column":4},"end":{"line":183,"column":54}},"type":"binary-expr","locations":[{"start":{"line":183,"column":4},"end":{"line":183,"column":43}},{"start":{"line":183,"column":43},"end":{"line":183,"column":54}}],"line":183}},"s":{"0":0,"1":0,"2":0,"3":0,"4":0,"5":0,"6":0,"7":0,"8":0,"9":0,"10":0,"11":0,"12":0,"13":0,"14":0,"15":0},"f":{"0":0,"1":0,"2":0},"b":{"0":[0,0]},"meta":{"lastBranch":1,"lastFunction":3,"lastStatement":16,"seen":{"s:64:32:72:Infinity":0,"s:74:31:82:Infinity":1,"s:86:30:94:Infinity":2,"s:96:29:104:Infinity":3,"s:108:31:116:Infinity":4,"s:118:30:126:Infinity":5,"s:130:34:138:Infinity":6,"s:140:33:148:Infinity":7,"s:152:29:160:Infinity":8,"s:162:28:170:Infinity":9,"s:174:40:180:Infinity":10,"s:182:32:183:54":11,"f:182:32:182:33":0,"s:183:4:183:54":12,"b:183:4:183:43:183:43:183:54":0,"f:183:18:183:23":1,"s:183:23:183:43":13,"s:185:32:186:57":14,"f:185:32:185:Infinity":2,"s:186:4:186:57":15}}}
,"D:\\Workspace\\mark_down\\mark-down\\src\\theme\\theme.ts": {"path":"D:\\Workspace\\mark_down\\mark-down\\src\\theme\\theme.ts","statementMap":{"0":{"start":{"line":25,"column":39},"end":{"line":51,"column":null}},"1":{"start":{"line":55,"column":26},"end":{"line":70,"column":null}},"2":{"start":{"line":55,"column":48},"end":{"line":70,"column":null}}},"fnMap":{"0":{"name":"(anonymous_0)","decl":{"start":{"line":55,"column":26},"end":{"line":55,"column":27}},"loc":{"start":{"line":55,"column":48},"end":{"line":70,"column":null}},"line":55}},"branchMap":{},"s":{"0":0,"1":0,"2":0},"f":{"0":0},"b":{},"meta":{"lastBranch":0,"lastFunction":1,"lastStatement":3,"seen":{"s:25:39:51:Infinity":0,"s:55:26:70:Infinity":1,"f:55:26:55:27":0,"s:55:48:70:Infinity":2}}}
,"D:\\Workspace\\mark_down\\mark-down\\src\\utils\\markdownLineGrouper.ts": {"path":"D:\\Workspace\\mark_down\\mark-down\\src\\utils\\markdownLineGrouper.ts","statementMap":{"0":{"start":{"line":10,"column":16},"end":{"line":10,"column":null}},"1":{"start":{"line":11,"column":34},"end":{"line":11,"column":36}},"2":{"start":{"line":13,"column":10},"end":{"line":13,"column":null}},"3":{"start":{"line":14,"column":2},"end":{"line":67,"column":null}},"4":{"start":{"line":15,"column":17},"end":{"line":15,"column":25}},"5":{"start":{"line":18,"column":4},"end":{"line":38,"column":null}},"6":{"start":{"line":19,"column":24},"end":{"line":19,"column":null}},"7":{"start":{"line":20,"column":23},"end":{"line":20,"column":null}},"8":{"start":{"line":21,"column":6},"end":{"line":21,"column":null}},"9":{"start":{"line":22,"column":6},"end":{"line":25,"column":null}},"10":{"start":{"line":23,"column":8},"end":{"line":23,"column":null}},"11":{"start":{"line":24,"column":8},"end":{"line":24,"column":null}},"12":{"start":{"line":26,"column":6},"end":{"line":29,"column":null}},"13":{"start":{"line":27,"column":8},"end":{"line":27,"column":null}},"14":{"start":{"line":28,"column":8},"end":{"line":28,"column":null}},"15":{"start":{"line":30,"column":6},"end":{"line":36,"column":null}},"16":{"start":{"line":37,"column":6},"end":{"line":37,"column":null}},"17":{"start":{"line":40,"column":4},"end":{"line":50,"column":null}},"18":{"start":{"line":41,"column":6},"end":{"line":47,"column":null}},"19":{"start":{"line":48,"column":6},"end":{"line":48,"column":null}},"20":{"start":{"line":49,"column":6},"end":{"line":49,"column":null}},"21":{"start":{"line":52,"column":22},"end":{"line":52,"column":null}},"22":{"start":{"line":53,"column":21},"end":{"line":53,"column":null}},"23":{"start":{"line":54,"column":4},"end":{"line":54,"column":null}},"24":{"start":{"line":55,"column":4},"end":{"line":58,"column":null}},"25":{"start":{"line":56,"column":6},"end":{"line":56,"column":null}},"26":{"start":{"line":57,"column":6},"end":{"line":57,"column":null}},"27":{"start":{"line":60,"column":4},"end":{"line":66,"column":null}},"28":{"start":{"line":69,"column":2},"end":{"line":69,"column":null}}},"fnMap":{"0":{"name":"groupMarkdownLines","decl":{"start":{"line":9,"column":16},"end":{"line":9,"column":35}},"loc":{"start":{"line":9,"column":50},"end":{"line":70,"column":null}},"line":9}},"branchMap":{"0":{"loc":{"start":{"line":18,"column":4},"end":{"line":38,"column":null}},"type":"if","locations":[{"start":{"line":18,"column":4},"end":{"line":38,"column":null}},{"start":{},"end":{}}],"line":18},"1":{"loc":{"start":{"line":22,"column":13},"end":{"line":22,"column":69}},"type":"binary-expr","locations":[{"start":{"line":22,"column":13},"end":{"line":22,"column":29}},{"start":{"line":22,"column":33},"end":{"line":22,"column":69}}],"line":22},"2":{"loc":{"start":{"line":26,"column":6},"end":{"line":29,"column":null}},"type":"if","locations":[{"start":{"line":26,"column":6},"end":{"line":29,"column":null}},{"start":{},"end":{}}],"line":26},"3":{"loc":{"start":{"line":40,"column":4},"end":{"line":50,"column":null}},"type":"if","locations":[{"start":{"line":40,"column":4},"end":{"line":50,"column":null}},{"start":{},"end":{}}],"line":40},"4":{"loc":{"start":{"line":55,"column":11},"end":{"line":55,"column":93}},"type":"binary-expr","locations":[{"start":{"line":55,"column":11},"end":{"line":55,"column":27}},{"start":{"line":55,"column":31},"end":{"line":55,"column":57}},{"start":{"line":55,"column":57},"end":{"line":55,"column":93}}],"line":55}},"s":{"0":5,"1":5,"2":5,"3":5,"4":11,"5":11,"6":3,"7":3,"8":3,"9":3,"10":3,"11":3,"12":3,"13":2,"14":2,"15":3,"16":3,"17":8,"18":5,"19":5,"20":5,"21":3,"22":3,"23":3,"24":3,"25":2,"26":2,"27":3,"28":5},"f":{"0":5},"b":{"0":[3,8],"1":[3,5],"2":[2,1],"3":[5,3],"4":[3,3,2]},"meta":{"lastBranch":5,"lastFunction":1,"lastStatement":29,"seen":{"f:9:16:9:35":0,"s:10:16:10:Infinity":0,"s:11:34:11:36":1,"s:13:10:13:Infinity":2,"s:14:2:67:Infinity":3,"s:15:17:15:25":4,"b:18:4:38:Infinity:undefined:undefined:undefined:undefined":0,"s:18:4:38:Infinity":5,"s:19:24:19:Infinity":6,"s:20:23:20:Infinity":7,"s:21:6:21:Infinity":8,"s:22:6:25:Infinity":9,"b:22:13:22:29:22:33:22:69":1,"s:23:8:23:Infinity":10,"s:24:8:24:Infinity":11,"b:26:6:29:Infinity:undefined:undefined:undefined:undefined":2,"s:26:6:29:Infinity":12,"s:27:8:27:Infinity":13,"s:28:8:28:Infinity":14,"s:30:6:36:Infinity":15,"s:37:6:37:Infinity":16,"b:40:4:50:Infinity:undefined:undefined:undefined:undefined":3,"s:40:4:50:Infinity":17,"s:41:6:47:Infinity":18,"s:48:6:48:Infinity":19,"s:49:6:49:Infinity":20,"s:52:22:52:Infinity":21,"s:53:21:53:Infinity":22,"s:54:4:54:Infinity":23,"s:55:4:58:Infinity":24,"b:55:11:55:27:55:31:55:57:55:57:55:93":4,"s:56:6:56:Infinity":25,"s:57:6:57:Infinity":26,"s:60:4:66:Infinity":27,"s:69:2:69:Infinity":28}}}
}
