{"D:\\Workspace\\mark_down\\mark-down\\src\\components\\PWAInstallPrompt.tsx": {"path":"D:\\Workspace\\mark_down\\mark-down\\src\\components\\PWAInstallPrompt.tsx","statementMap":{"0":{"start":{"line":6,"column":42},"end":{"line":64,"column":null}},"1":{"start":{"line":7,"column":39},"end":{"line":7,"column":null}},"2":{"start":{"line":8,"column":10},"end":{"line":8,"column":null}},"3":{"start":{"line":9,"column":35},"end":{"line":9,"column":null}},"4":{"start":{"line":11,"column":4},"end":{"line":15,"column":null}},"5":{"start":{"line":12,"column":8},"end":{"line":14,"column":null}},"6":{"start":{"line":13,"column":12},"end":{"line":13,"column":null}},"7":{"start":{"line":13,"column":29},"end":{"line":13,"column":49}},"8":{"start":{"line":17,"column":24},"end":{"line":22,"column":null}},"9":{"start":{"line":18,"column":8},"end":{"line":20,"column":null}},"10":{"start":{"line":19,"column":12},"end":{"line":19,"column":null}},"11":{"start":{"line":21,"column":8},"end":{"line":21,"column":null}},"12":{"start":{"line":24,"column":4},"end":{"line":24,"column":null}},"13":{"start":{"line":24,"column":24},"end":{"line":24,"column":null}},"14":{"start":{"line":26,"column":4},"end":{"line":59,"column":null}}},"fnMap":{"0":{"name":"(anonymous_0)","decl":{"start":{"line":6,"column":42},"end":{"line":6,"column":null}},"loc":{"start":{"line":6,"column":42},"end":{"line":64,"column":null}},"line":6},"1":{"name":"(anonymous_1)","decl":{"start":{"line":11,"column":14},"end":{"line":11,"column":null}},"loc":{"start":{"line":11,"column":14},"end":{"line":15,"column":7}},"line":11},"2":{"name":"(anonymous_2)","decl":{"start":{"line":13,"column":23},"end":{"line":13,"column":29}},"loc":{"start":{"line":13,"column":29},"end":{"line":13,"column":49}},"line":13},"3":{"name":"(anonymous_3)","decl":{"start":{"line":17,"column":24},"end":{"line":17,"column":25}},"loc":{"start":{"line":17,"column":64},"end":{"line":22,"column":null}},"line":17}},"branchMap":{"0":{"loc":{"start":{"line":12,"column":8},"end":{"line":14,"column":null}},"type":"if","locations":[{"start":{"line":12,"column":8},"end":{"line":14,"column":null}},{"start":{},"end":{}}],"line":12},"1":{"loc":{"start":{"line":18,"column":8},"end":{"line":20,"column":null}},"type":"if","locations":[{"start":{"line":18,"column":8},"end":{"line":20,"column":null}},{"start":{},"end":{}}],"line":18},"2":{"loc":{"start":{"line":24,"column":4},"end":{"line":24,"column":null}},"type":"if","locations":[{"start":{"line":24,"column":4},"end":{"line":24,"column":null}},{"start":{},"end":{}}],"line":24}},"s":{"0":1,"1":3,"2":3,"3":3,"4":3,"5":2,"6":1,"7":1,"8":3,"9":0,"10":0,"11":0,"12":3,"13":1,"14":2},"f":{"0":3,"1":2,"2":1,"3":0},"b":{"0":[1,1],"1":[0,0],"2":[1,2]},"meta":{"lastBranch":3,"lastFunction":4,"lastStatement":15,"seen":{"s:6:42:64:Infinity":0,"f:6:42:6:Infinity":0,"s:7:39:7:Infinity":1,"s:8:10:8:Infinity":2,"s:9:35:9:Infinity":3,"s:11:4:15:Infinity":4,"f:11:14:11:Infinity":1,"b:12:8:14:Infinity:undefined:undefined:undefined:undefined":0,"s:12:8:14:Infinity":5,"s:13:12:13:Infinity":6,"f:13:23:13:29":2,"s:13:29:13:49":7,"s:17:24:22:Infinity":8,"f:17:24:17:25":3,"b:18:8:20:Infinity:undefined:undefined:undefined:undefined":1,"s:18:8:20:Infinity":9,"s:19:12:19:Infinity":10,"s:21:8:21:Infinity":11,"b:24:4:24:Infinity:undefined:undefined:undefined:undefined":2,"s:24:4:24:Infinity":12,"s:24:24:24:Infinity":13,"s:26:4:59:Infinity":14}}}
,"D:\\Workspace\\mark_down\\mark-down\\src\\context\\PWAContext.ts": {"path":"D:\\Workspace\\mark_down\\mark-down\\src\\context\\PWAContext.ts","statementMap":{"0":{"start":{"line":14,"column":13},"end":{"line":14,"column":null}},"1":{"start":{"line":16,"column":29},"end":{"line":22,"column":null}},"2":{"start":{"line":17,"column":10},"end":{"line":17,"column":null}},"3":{"start":{"line":18,"column":4},"end":{"line":20,"column":null}},"4":{"start":{"line":19,"column":8},"end":{"line":19,"column":null}},"5":{"start":{"line":21,"column":4},"end":{"line":21,"column":null}}},"fnMap":{"0":{"name":"(anonymous_0)","decl":{"start":{"line":16,"column":29},"end":{"line":16,"column":null}},"loc":{"start":{"line":16,"column":29},"end":{"line":22,"column":null}},"line":16}},"branchMap":{"0":{"loc":{"start":{"line":18,"column":4},"end":{"line":20,"column":null}},"type":"if","locations":[{"start":{"line":18,"column":4},"end":{"line":20,"column":null}},{"start":{},"end":{}}],"line":18}},"s":{"0":1,"1":1,"2":0,"3":0,"4":0,"5":0},"f":{"0":0},"b":{"0":[0,0]},"meta":{"lastBranch":1,"lastFunction":1,"lastStatement":6,"seen":{"s:14:13:14:Infinity":0,"s:16:29:22:Infinity":1,"f:16:29:16:Infinity":0,"s:17:10:17:Infinity":2,"b:18:4:20:Infinity:undefined:undefined:undefined:undefined":0,"s:18:4:20:Infinity":3,"s:19:8:19:Infinity":4,"s:21:4:21:Infinity":5}}}
,"D:\\Workspace\\mark_down\\mark-down\\src\\context\\PWAProvider.tsx": {"path":"D:\\Workspace\\mark_down\\mark-down\\src\\context\\PWAProvider.tsx","statementMap":{"0":{"start":{"line":8,"column":55},"end":{"line":59,"column":null}},"1":{"start":{"line":9,"column":45},"end":{"line":9,"column":null}},"2":{"start":{"line":10,"column":43},"end":{"line":10,"column":null}},"3":{"start":{"line":12,"column":4},"end":{"line":32,"column":null}},"4":{"start":{"line":13,"column":24},"end":{"line":18,"column":null}},"5":{"start":{"line":14,"column":12},"end":{"line":14,"column":null}},"6":{"start":{"line":15,"column":12},"end":{"line":15,"column":null}},"7":{"start":{"line":16,"column":12},"end":{"line":16,"column":null}},"8":{"start":{"line":17,"column":12},"end":{"line":17,"column":null}},"9":{"start":{"line":20,"column":8},"end":{"line":20,"column":null}},"10":{"start":{"line":21,"column":8},"end":{"line":21,"column":null}},"11":{"start":{"line":23,"column":8},"end":{"line":27,"column":null}},"12":{"start":{"line":24,"column":12},"end":{"line":24,"column":null}},"13":{"start":{"line":25,"column":12},"end":{"line":25,"column":null}},"14":{"start":{"line":26,"column":12},"end":{"line":26,"column":null}},"15":{"start":{"line":29,"column":8},"end":{"line":31,"column":null}},"16":{"start":{"line":30,"column":12},"end":{"line":30,"column":null}},"17":{"start":{"line":34,"column":23},"end":{"line":47,"column":null}},"18":{"start":{"line":35,"column":8},"end":{"line":38,"column":null}},"19":{"start":{"line":36,"column":12},"end":{"line":36,"column":null}},"20":{"start":{"line":37,"column":12},"end":{"line":37,"column":null}},"21":{"start":{"line":40,"column":8},"end":{"line":40,"column":null}},"22":{"start":{"line":41,"column":28},"end":{"line":41,"column":59}},"23":{"start":{"line":43,"column":8},"end":{"line":43,"column":null}},"24":{"start":{"line":45,"column":8},"end":{"line":45,"column":null}},"25":{"start":{"line":46,"column":8},"end":{"line":46,"column":null}},"26":{"start":{"line":49,"column":28},"end":{"line":52,"column":null}},"27":{"start":{"line":50,"column":8},"end":{"line":50,"column":null}},"28":{"start":{"line":51,"column":8},"end":{"line":51,"column":null}},"29":{"start":{"line":54,"column":4},"end":{"line":56,"column":null}}},"fnMap":{"0":{"name":"(anonymous_0)","decl":{"start":{"line":8,"column":55},"end":{"line":8,"column":56}},"loc":{"start":{"line":8,"column":68},"end":{"line":59,"column":null}},"line":8},"1":{"name":"(anonymous_1)","decl":{"start":{"line":12,"column":14},"end":{"line":12,"column":null}},"loc":{"start":{"line":12,"column":14},"end":{"line":32,"column":7}},"line":12},"2":{"name":"(anonymous_2)","decl":{"start":{"line":13,"column":24},"end":{"line":13,"column":25}},"loc":{"start":{"line":13,"column":25},"end":{"line":18,"column":null}},"line":13},"3":{"name":"(anonymous_3)","decl":{"start":{"line":23,"column":48},"end":{"line":23,"column":null}},"loc":{"start":{"line":23,"column":48},"end":{"line":27,"column":null}},"line":23},"4":{"name":"(anonymous_4)","decl":{"start":{"line":29,"column":15},"end":{"line":29,"column":null}},"loc":{"start":{"line":29,"column":15},"end":{"line":31,"column":null}},"line":29},"5":{"name":"(anonymous_5)","decl":{"start":{"line":34,"column":23},"end":{"line":34,"column":null}},"loc":{"start":{"line":34,"column":23},"end":{"line":47,"column":null}},"line":34},"6":{"name":"(anonymous_6)","decl":{"start":{"line":49,"column":28},"end":{"line":49,"column":null}},"loc":{"start":{"line":49,"column":28},"end":{"line":52,"column":null}},"line":49}},"branchMap":{"0":{"loc":{"start":{"line":35,"column":8},"end":{"line":38,"column":null}},"type":"if","locations":[{"start":{"line":35,"column":8},"end":{"line":38,"column":null}},{"start":{},"end":{}}],"line":35}},"s":{"0":1,"1":0,"2":0,"3":0,"4":0,"5":0,"6":0,"7":0,"8":0,"9":0,"10":0,"11":0,"12":0,"13":0,"14":0,"15":0,"16":0,"17":0,"18":0,"19":0,"20":0,"21":0,"22":0,"23":0,"24":0,"25":0,"26":0,"27":0,"28":0,"29":0},"f":{"0":0,"1":0,"2":0,"3":0,"4":0,"5":0,"6":0},"b":{"0":[0,0]},"meta":{"lastBranch":1,"lastFunction":7,"lastStatement":30,"seen":{"s:8:55:59:Infinity":0,"f:8:55:8:56":0,"s:9:45:9:Infinity":1,"s:10:43:10:Infinity":2,"s:12:4:32:Infinity":3,"f:12:14:12:Infinity":1,"s:13:24:18:Infinity":4,"f:13:24:13:25":2,"s:14:12:14:Infinity":5,"s:15:12:15:Infinity":6,"s:16:12:16:Infinity":7,"s:17:12:17:Infinity":8,"s:20:8:20:Infinity":9,"s:21:8:21:Infinity":10,"s:23:8:27:Infinity":11,"f:23:48:23:Infinity":3,"s:24:12:24:Infinity":12,"s:25:12:25:Infinity":13,"s:26:12:26:Infinity":14,"s:29:8:31:Infinity":15,"f:29:15:29:Infinity":4,"s:30:12:30:Infinity":16,"s:34:23:47:Infinity":17,"f:34:23:34:Infinity":5,"b:35:8:38:Infinity:undefined:undefined:undefined:undefined":0,"s:35:8:38:Infinity":18,"s:36:12:36:Infinity":19,"s:37:12:37:Infinity":20,"s:40:8:40:Infinity":21,"s:41:28:41:59":22,"s:43:8:43:Infinity":23,"s:45:8:45:Infinity":24,"s:46:8:46:Infinity":25,"s:49:28:52:Infinity":26,"f:49:28:49:Infinity":6,"s:50:8:50:Infinity":27,"s:51:8:51:Infinity":28,"s:54:4:56:Infinity":29}}}
,"D:\\Workspace\\mark_down\\mark-down\\src\\hooks\\usePWAInstall.ts": {"path":"D:\\Workspace\\mark_down\\mark-down\\src\\hooks\\usePWAInstall.ts","statementMap":{},"fnMap":{},"branchMap":{},"s":{},"f":{},"b":{},"meta":{"lastBranch":0,"lastFunction":0,"lastStatement":0,"seen":{}}}
}
